SF:/Users/samcolak/Source Code/rust/neuron_server/library/neuralnet/src/cnn/classifier.rs
FN:2515,_RNCNvNtNtCs1xmhvdYWKG8_9neuralnet3cnn10classifier19backward_conv_block0B7_
FN:346,_RNvMs7_NtNtCs1xmhvdYWKG8_9neuralnet3cnn10classifierNtB5_22CnnCoalescingScheduler12flush_if_due
FN:427,_RNvMs9_NtNtCs1xmhvdYWKG8_9neuralnet3cnn10classifierNtB5_27CnnCoalescingBatchPredictor14new_with_shape
FN:782,_RNvMsa_NtNtCs1xmhvdYWKG8_9neuralnet3cnn10classifierNtB5_18CnnImageClassifier12class_labels
FN:798,_RNvMsa_NtNtCs1xmhvdYWKG8_9neuralnet3cnn10classifierNtB5_18CnnImageClassifier14head_optimizer
FN:790,_RNvMsa_NtNtCs1xmhvdYWKG8_9neuralnet3cnn10classifierNtB5_18CnnImageClassifier14min_confidence
FN:802,_RNvMsa_NtNtCs1xmhvdYWKG8_9neuralnet3cnn10classifierNtB5_18CnnImageClassifier18head_learning_rate
FN:794,_RNvMsa_NtNtCs1xmhvdYWKG8_9neuralnet3cnn10classifierNtB5_18CnnImageClassifier18set_head_optimizer
FN:868,_RNvMsa_NtNtCs1xmhvdYWKG8_9neuralnet3cnn10classifierNtB5_18CnnImageClassifier19configure_head_adam
FN:806,_RNvMsa_NtNtCs1xmhvdYWKG8_9neuralnet3cnn10classifierNtB5_18CnnImageClassifier21set_head_weight_decay
FN:1955,_RNvMsa_NtNtCs1xmhvdYWKG8_9neuralnet3cnn10classifierNtB5_18CnnImageClassifier26backward_feature_extractor
FN:1184,_RNvMsa_NtNtCs1xmhvdYWKG8_9neuralnet3cnn10classifierNtB5_18CnnImageClassifier27train_image_with_dimensions
FN:1426,_RNvMsa_NtNtCs1xmhvdYWKG8_9neuralnet3cnn10classifierNtB5_18CnnImageClassifier33train_image_batch_with_dimensions
FN:1197,_RNvMsa_NtNtCs1xmhvdYWKG8_9neuralnet3cnn10classifierNtB5_18CnnImageClassifier33train_image_with_dimensions_timed
FN:1052,_RNvMsa_NtNtCs1xmhvdYWKG8_9neuralnet3cnn10classifierNtB5_18CnnImageClassifier36forward_batch_with_cache_from_tensor
FN:1965,_RNvMsa_NtNtCs1xmhvdYWKG8_9neuralnet3cnn10classifierNtB5_18CnnImageClassifier37backward_feature_extractor_with_scale
FN:1526,_RNvMsa_NtNtCs1xmhvdYWKG8_9neuralnet3cnn10classifierNtB5_18CnnImageClassifier39predict_with_confidence_with_dimensions
FN:1437,_RNvMsa_NtNtCs1xmhvdYWKG8_9neuralnet3cnn10classifierNtB5_18CnnImageClassifier39train_image_batch_with_dimensions_timed
FN:561,_RNvMsa_NtNtCs1xmhvdYWKG8_9neuralnet3cnn10classifierNtB5_18CnnImageClassifier42coalescing_batch_predictor_with_dimensions
FN:580,_RNvMsa_NtNtCs1xmhvdYWKG8_9neuralnet3cnn10classifierNtB5_18CnnImageClassifier42start_coalescing_scheduler_with_dimensions
FN:2057,_RNvMsa_NtNtCs1xmhvdYWKG8_9neuralnet3cnn10classifierNtB5_18CnnImageClassifier43backward_feature_extractor_batch_with_scale
FN:1715,_RNvMsa_NtNtCs1xmhvdYWKG8_9neuralnet3cnn10classifierNtB5_18CnnImageClassifier45predict_batch_with_confidence_with_dimensions
FN:2540,_RNvNtNtCs1xmhvdYWKG8_9neuralnet3cnn10classifier13add_bias_grad
FN:2496,_RNvNtNtCs1xmhvdYWKG8_9neuralnet3cnn10classifier19backward_conv_block
FN:2447,_RNvNtNtCs1xmhvdYWKG8_9neuralnet3cnn10classifier26tensor_shape_element_count
FN:2406,_RNvNtNtCs1xmhvdYWKG8_9neuralnet3cnn10classifier34forward_conv_block_with_mlx_mirror
FN:2394,_RNvNtNtCs1xmhvdYWKG8_9neuralnet3cnn10classifier43forward_conv_block_with_mlx_mirror_no_cache
FN:76,_RNvXNtNtCs1xmhvdYWKG8_9neuralnet3cnn10classifierNtB2_23CnnImageClassifierErrorNtNtCse2qo0L34Llq_4core3fmt7Display3fmt
FN:271,_RNvXs5_NtNtCs1xmhvdYWKG8_9neuralnet3cnn10classifierNtB5_27CnnCoalescingPredictOptionsNtNtCse2qo0L34Llq_4core7default7Default7default
FN:1308,_RNCNCNCNvMsa_NtNtCs1xmhvdYWKG8_9neuralnet3cnn10classifierNtBb_18CnnImageClassifier23train_image_batch_timeds0_000Bf_
FN:1580,_RNCNCNCNvMsa_NtNtCs1xmhvdYWKG8_9neuralnet3cnn10classifierNtBb_18CnnImageClassifier36predict_batch_with_confidence_reports0_000Bf_
FN:1306,_RNCNCNvMsa_NtNtCs1xmhvdYWKG8_9neuralnet3cnn10classifierNtB9_18CnnImageClassifier23train_image_batch_timeds0_00Bd_
FN:1578,_RNCNCNvMsa_NtNtCs1xmhvdYWKG8_9neuralnet3cnn10classifierNtB9_18CnnImageClassifier36predict_batch_with_confidence_reports0_00Bd_
FN:39,_RNCNCNvNtNtCs1xmhvdYWKG8_9neuralnet3cnn10classifier28cnn_batch_preprocess_enabled00B9_
FN:307,_RNCNvMs6_NtNtCs1xmhvdYWKG8_9neuralnet3cnn10classifierNtB7_28CnnCoalescedPredictionHandle4wait0Bb_
FN:470,_RNCNvMs9_NtNtCs1xmhvdYWKG8_9neuralnet3cnn10classifierNtB7_27CnnCoalescingBatchPredictor12flush_if_due0Bb_
FN:1781,_RNCNvMsa_NtNtCs1xmhvdYWKG8_9neuralnet3cnn10classifierNtB7_18CnnImageClassifier12save_to_file0Bb_
FN:1788,_RNCNvMsa_NtNtCs1xmhvdYWKG8_9neuralnet3cnn10classifierNtB7_18CnnImageClassifier12save_to_files0_0Bb_
FN:1805,_RNCNvMsa_NtNtCs1xmhvdYWKG8_9neuralnet3cnn10classifierNtB7_18CnnImageClassifier12save_to_files1_0Bb_
FN:1782,_RNCNvMsa_NtNtCs1xmhvdYWKG8_9neuralnet3cnn10classifierNtB7_18CnnImageClassifier12save_to_files_0Bb_
FN:1838,_RNCNvMsa_NtNtCs1xmhvdYWKG8_9neuralnet3cnn10classifierNtB7_18CnnImageClassifier14load_from_file0Bb_
FN:1946,_RNCNvMsa_NtNtCs1xmhvdYWKG8_9neuralnet3cnn10classifierNtB7_18CnnImageClassifier14load_from_files0_0Bb_
FN:1923,_RNCNvMsa_NtNtCs1xmhvdYWKG8_9neuralnet3cnn10classifierNtB7_18CnnImageClassifier14load_from_files_0Bb_
FN:904,_RNCNvMsa_NtNtCs1xmhvdYWKG8_9neuralnet3cnn10classifierNtB7_18CnnImageClassifier21forward_for_inference0Bb_
FN:1303,_RNCNvMsa_NtNtCs1xmhvdYWKG8_9neuralnet3cnn10classifierNtB7_18CnnImageClassifier23train_image_batch_timed0Bb_
FN:1305,_RNCNvMsa_NtNtCs1xmhvdYWKG8_9neuralnet3cnn10classifierNtB7_18CnnImageClassifier23train_image_batch_timeds0_0Bb_
FN:1304,_RNCNvMsa_NtNtCs1xmhvdYWKG8_9neuralnet3cnn10classifierNtB7_18CnnImageClassifier23train_image_batch_timeds_0Bb_
FN:993,_RNCNvMsa_NtNtCs1xmhvdYWKG8_9neuralnet3cnn10classifierNtB7_18CnnImageClassifier32extract_features_with_dimensions0Bb_
FN:1575,_RNCNvMsa_NtNtCs1xmhvdYWKG8_9neuralnet3cnn10classifierNtB7_18CnnImageClassifier36predict_batch_with_confidence_report0Bb_
FN:1577,_RNCNvMsa_NtNtCs1xmhvdYWKG8_9neuralnet3cnn10classifierNtB7_18CnnImageClassifier36predict_batch_with_confidence_reports0_0Bb_
FN:1576,_RNCNvMsa_NtNtCs1xmhvdYWKG8_9neuralnet3cnn10classifierNtB7_18CnnImageClassifier36predict_batch_with_confidence_reports_0Bb_
FN:36,_RNCNvNtNtCs1xmhvdYWKG8_9neuralnet3cnn10classifier28cnn_batch_preprocess_enabled0B7_
FN:306,_RNvMs6_NtNtCs1xmhvdYWKG8_9neuralnet3cnn10classifierNtB5_28CnnCoalescedPredictionHandle4wait
FN:358,_RNvMs7_NtNtCs1xmhvdYWKG8_9neuralnet3cnn10classifierNtB5_22CnnCoalescingScheduler5flush
FN:324,_RNvMs7_NtNtCs1xmhvdYWKG8_9neuralnet3cnn10classifierNtB5_22CnnCoalescingScheduler6submit
FN:368,_RNvMs7_NtNtCs1xmhvdYWKG8_9neuralnet3cnn10classifierNtB5_22CnnCoalescingScheduler8shutdown
FN:519,_RNvMs9_NtNtCs1xmhvdYWKG8_9neuralnet3cnn10classifierNtB5_27CnnCoalescingBatchPredictor10take_ready
FN:523,_RNvMs9_NtNtCs1xmhvdYWKG8_9neuralnet3cnn10classifierNtB5_27CnnCoalescingBatchPredictor11pending_len
FN:462,_RNvMs9_NtNtCs1xmhvdYWKG8_9neuralnet3cnn10classifierNtB5_27CnnCoalescingBatchPredictor12flush_if_due
FN:411,_RNvMs9_NtNtCs1xmhvdYWKG8_9neuralnet3cnn10classifierNtB5_27CnnCoalescingBatchPredictor3new
FN:479,_RNvMs9_NtNtCs1xmhvdYWKG8_9neuralnet3cnn10classifierNtB5_27CnnCoalescingBatchPredictor5flush
FN:527,_RNvMs9_NtNtCs1xmhvdYWKG8_9neuralnet3cnn10classifierNtB5_27CnnCoalescingBatchPredictor6finish
FN:447,_RNvMs9_NtNtCs1xmhvdYWKG8_9neuralnet3cnn10classifierNtB5_27CnnCoalescingBatchPredictor7enqueue
FN:1130,_RNvMsa_NtNtCs1xmhvdYWKG8_9neuralnet3cnn10classifierNtB5_18CnnImageClassifier11train_image
FN:1762,_RNvMsa_NtNtCs1xmhvdYWKG8_9neuralnet3cnn10classifierNtB5_18CnnImageClassifier12save_to_file
FN:628,_RNvMsa_NtNtCs1xmhvdYWKG8_9neuralnet3cnn10classifierNtB5_18CnnImageClassifier13new_two_layer
FN:1816,_RNvMsa_NtNtCs1xmhvdYWKG8_9neuralnet3cnn10classifierNtB5_18CnnImageClassifier14load_from_file
FN:872,_RNvMsa_NtNtCs1xmhvdYWKG8_9neuralnet3cnn10classifierNtB5_18CnnImageClassifier16extract_features
FN:1265,_RNvMsa_NtNtCs1xmhvdYWKG8_9neuralnet3cnn10classifierNtB5_18CnnImageClassifier17train_image_batch
FN:1137,_RNvMsa_NtNtCs1xmhvdYWKG8_9neuralnet3cnn10classifierNtB5_18CnnImageClassifier17train_image_timed
FN:908,_RNvMsa_NtNtCs1xmhvdYWKG8_9neuralnet3cnn10classifierNtB5_18CnnImageClassifier18forward_with_cache
FN:786,_RNvMsa_NtNtCs1xmhvdYWKG8_9neuralnet3cnn10classifierNtB5_18CnnImageClassifier18set_min_confidence
FN:876,_RNvMsa_NtNtCs1xmhvdYWKG8_9neuralnet3cnn10classifierNtB5_18CnnImageClassifier21forward_for_inference
FN:1732,_RNvMsa_NtNtCs1xmhvdYWKG8_9neuralnet3cnn10classifierNtB5_18CnnImageClassifier23classify_feature_vector
FN:1518,_RNvMsa_NtNtCs1xmhvdYWKG8_9neuralnet3cnn10classifierNtB5_18CnnImageClassifier23predict_with_confidence
FN:1276,_RNvMsa_NtNtCs1xmhvdYWKG8_9neuralnet3cnn10classifierNtB5_18CnnImageClassifier23train_image_batch_timed
FN:938,_RNvMsa_NtNtCs1xmhvdYWKG8_9neuralnet3cnn10classifierNtB5_18CnnImageClassifier24forward_with_cache_timed
FN:645,_RNvMsa_NtNtCs1xmhvdYWKG8_9neuralnet3cnn10classifierNtB5_18CnnImageClassifier25new_with_feature_channels
FN:554,_RNvMsa_NtNtCs1xmhvdYWKG8_9neuralnet3cnn10classifierNtB5_18CnnImageClassifier26coalescing_batch_predictor
FN:569,_RNvMsa_NtNtCs1xmhvdYWKG8_9neuralnet3cnn10classifierNtB5_18CnnImageClassifier26start_coalescing_scheduler
FN:1537,_RNvMsa_NtNtCs1xmhvdYWKG8_9neuralnet3cnn10classifierNtB5_18CnnImageClassifier29predict_batch_with_confidence
FN:997,_RNvMsa_NtNtCs1xmhvdYWKG8_9neuralnet3cnn10classifierNtB5_18CnnImageClassifier30forward_with_cache_from_tensor
FN:968,_RNvMsa_NtNtCs1xmhvdYWKG8_9neuralnet3cnn10classifierNtB5_18CnnImageClassifier32extract_features_with_dimensions
FN:1109,_RNvMsa_NtNtCs1xmhvdYWKG8_9neuralnet3cnn10classifierNtB5_18CnnImageClassifier34forward_batch_features_from_tensor
FN:861,_RNvMsa_NtNtCs1xmhvdYWKG8_9neuralnet3cnn10classifierNtB5_18CnnImageClassifier34sync_feature_blocks_backend_mirror
FN:1023,_RNvMsa_NtNtCs1xmhvdYWKG8_9neuralnet3cnn10classifierNtB5_18CnnImageClassifier36forward_with_cache_from_tensor_timed
FN:1545,_RNvMsa_NtNtCs1xmhvdYWKG8_9neuralnet3cnn10classifierNtB5_18CnnImageClassifier36predict_batch_with_confidence_report
FN:592,_RNvMsa_NtNtCs1xmhvdYWKG8_9neuralnet3cnn10classifierNtB5_18CnnImageClassifier3new
FN:607,_RNvMsa_NtNtCs1xmhvdYWKG8_9neuralnet3cnn10classifierNtB5_18CnnImageClassifier41new_with_feature_channels_and_kernel_size
FN:1079,_RNvMsa_NtNtCs1xmhvdYWKG8_9neuralnet3cnn10classifierNtB5_18CnnImageClassifier42forward_batch_with_cache_from_tensor_timed
FN:847,_RNvMsa_NtNtCs1xmhvdYWKG8_9neuralnet3cnn10classifierNtB5_18CnnImageClassifier42forward_feature_stack_no_cache_from_tensor
FN:1976,_RNvMsa_NtNtCs1xmhvdYWKG8_9neuralnet3cnn10classifierNtB5_18CnnImageClassifier43backward_feature_extractor_with_scale_timed
FN:810,_RNvMsa_NtNtCs1xmhvdYWKG8_9neuralnet3cnn10classifierNtB5_18CnnImageClassifier44forward_feature_stack_with_cache_from_tensor
FN:662,_RNvMsa_NtNtCs1xmhvdYWKG8_9neuralnet3cnn10classifierNtB5_18CnnImageClassifier44new_with_feature_channels_and_input_channels
FN:2069,_RNvMsa_NtNtCs1xmhvdYWKG8_9neuralnet3cnn10classifierNtB5_18CnnImageClassifier49backward_feature_extractor_batch_with_scale_timed
FN:827,_RNvMsa_NtNtCs1xmhvdYWKG8_9neuralnet3cnn10classifierNtB5_18CnnImageClassifier50forward_feature_stack_with_cache_from_tensor_timed
FN:1634,_RNvMsa_NtNtCs1xmhvdYWKG8_9neuralnet3cnn10classifierNtB5_18CnnImageClassifier52predict_batch_with_confidence_report_with_dimensions
FN:683,_RNvMsa_NtNtCs1xmhvdYWKG8_9neuralnet3cnn10classifierNtB5_18CnnImageClassifier60new_with_feature_channels_and_input_channels_and_kernel_size
FN:2247,_RNvNtNtCs1xmhvdYWKG8_9neuralnet3cnn10classifier18forward_conv_block
FN:2155,_RNvNtNtCs1xmhvdYWKG8_9neuralnet3cnn10classifier22default_input_channels
FN:2159,_RNvNtNtCs1xmhvdYWKG8_9neuralnet3cnn10classifier23initialize_conv_kernels
FN:2601,_RNvNtNtCs1xmhvdYWKG8_9neuralnet3cnn10classifier23max_pool2d_with_indices
FN:2272,_RNvNtNtCs1xmhvdYWKG8_9neuralnet3cnn10classifier24forward_conv_block_timed
FN:388,_RNvNtNtCs1xmhvdYWKG8_9neuralnet3cnn10classifier26dispatch_ready_predictions
FN:2556,_RNvNtNtCs1xmhvdYWKG8_9neuralnet3cnn10classifier27apply_conv_gradients_single
FN:399,_RNvNtNtCs1xmhvdYWKG8_9neuralnet3cnn10classifier27fail_all_pending_responders
FN:2307,_RNvNtNtCs1xmhvdYWKG8_9neuralnet3cnn10classifier27forward_conv_block_no_cache
FN:35,_RNvNtNtCs1xmhvdYWKG8_9neuralnet3cnn10classifier28cnn_batch_preprocess_enabled
FN:2519,_RNvNtNtCs1xmhvdYWKG8_9neuralnet3cnn10classifier29backward_conv_block_gradients
FN:2232,_RNvNtNtCs1xmhvdYWKG8_9neuralnet3cnn10classifier30forward_feature_block_no_cache
FN:2202,_RNvNtNtCs1xmhvdYWKG8_9neuralnet3cnn10classifier32forward_feature_block_with_cache
FN:2417,_RNvNtNtCs1xmhvdYWKG8_9neuralnet3cnn10classifier33pooled_grad_from_feature_gradient
FN:2678,_RNvNtNtCs1xmhvdYWKG8_9neuralnet3cnn10classifier36infer_square_dimensions_and_channels
FN:2217,_RNvNtNtCs1xmhvdYWKG8_9neuralnet3cnn10classifier38forward_feature_block_with_cache_timed
FN:2455,_RNvNtNtCs1xmhvdYWKG8_9neuralnet3cnn10classifier40pooled_grad_batch_from_feature_gradients
FN:112,_RNvXs0_NtNtCs1xmhvdYWKG8_9neuralnet3cnn10classifierNtB5_23CnnImageClassifierErrorINtNtCse2qo0L34Llq_4core7convert4FromNtNtNtB9_6tensor8adapters18TensorAdapterErrorE4from
FN:118,_RNvXs1_NtNtCs1xmhvdYWKG8_9neuralnet3cnn10classifierNtB5_23CnnImageClassifierErrorINtNtCse2qo0L34Llq_4core7convert4FromNtNtNtB9_6tensor8tensor4d11TensorErrorE4from
FN:124,_RNvXs2_NtNtCs1xmhvdYWKG8_9neuralnet3cnn10classifierNtB5_23CnnImageClassifierErrorINtNtCse2qo0L34Llq_4core7convert4FromNtNtNtB9_8training11linear_head15LinearHeadErrorE4from
FN:171,_RNvXs3_NtNtCs1xmhvdYWKG8_9neuralnet3cnn10classifierNtB5_26CnnImageClassifierSnapshotINtNtCse2qo0L34Llq_4core7convert4FromNtB5_32LegacyCnnImageClassifierSnapshotE4from
FN:212,_RNvXs4_NtNtCs1xmhvdYWKG8_9neuralnet3cnn10classifierNtB5_22CnnBatchPredictOptionsNtNtCse2qo0L34Llq_4core7default7Default7default
FN:378,_RNvXs8_NtNtCs1xmhvdYWKG8_9neuralnet3cnn10classifierNtB5_22CnnCoalescingSchedulerNtNtNtCse2qo0L34Llq_4core3ops4drop4Drop4drop
FN:2995,_RNCNCNvNtNtNtCs1xmhvdYWKG8_9neuralnet3cnn10classifier5testss_57cnn_classifier_batch_prediction_matches_single_predictions_00Bb_
FN:3182,_RNCNCNvNtNtNtCs1xmhvdYWKG8_9neuralnet3cnn10classifier5testss_67cnn_classifier_coalescing_scheduler_matches_single_prediction_orders0_00Bb_
FN:3195,_RNCNCNvNtNtNtCs1xmhvdYWKG8_9neuralnet3cnn10classifier5testss_67cnn_classifier_coalescing_scheduler_matches_single_prediction_orders2_00Bb_
FN:3166,_RNCNCNvNtNtNtCs1xmhvdYWKG8_9neuralnet3cnn10classifier5testss_67cnn_classifier_coalescing_scheduler_matches_single_prediction_orders_00Bb_
FN:2816,_RNCNvNtNtNtCs1xmhvdYWKG8_9neuralnet3cnn10classifier5testss_39cnn_classifier_rejects_non_square_image0B9_
FN:3102,_RNCNvNtNtNtCs1xmhvdYWKG8_9neuralnet3cnn10classifier5testss_52cnn_classifier_coalescing_predictor_flushes_when_due0B9_
FN:3125,_RNCNvNtNtNtCs1xmhvdYWKG8_9neuralnet3cnn10classifier5testss_52cnn_classifier_coalescing_predictor_flushes_when_dues0_0B9_
FN:3129,_RNCNvNtNtNtCs1xmhvdYWKG8_9neuralnet3cnn10classifier5testss_52cnn_classifier_coalescing_predictor_flushes_when_dues1_0B9_
FN:3134,_RNCNvNtNtNtCs1xmhvdYWKG8_9neuralnet3cnn10classifier5testss_52cnn_classifier_coalescing_predictor_flushes_when_dues2_0B9_
FN:3122,_RNCNvNtNtNtCs1xmhvdYWKG8_9neuralnet3cnn10classifier5testss_52cnn_classifier_coalescing_predictor_flushes_when_dues_0B9_
FN:2877,_RNCNvNtNtNtCs1xmhvdYWKG8_9neuralnet3cnn10classifier5testss_53cnn_classifier_supports_non_3x3_kernel_initialization0B9_
FN:2882,_RNCNvNtNtNtCs1xmhvdYWKG8_9neuralnet3cnn10classifier5testss_53cnn_classifier_supports_non_3x3_kernel_initializations_0B9_
FN:2754,_RNCNvNtNtNtCs1xmhvdYWKG8_9neuralnet3cnn10classifier5testss_53cnn_classifier_trains_and_predicts_on_simple_patterns0B9_
FN:2770,_RNCNvNtNtNtCs1xmhvdYWKG8_9neuralnet3cnn10classifier5testss_53cnn_classifier_trains_and_predicts_on_simple_patternss0_0B9_
FN:2767,_RNCNvNtNtNtCs1xmhvdYWKG8_9neuralnet3cnn10classifier5testss_53cnn_classifier_trains_and_predicts_on_simple_patternss_0B9_
FN:2903,_RNCNvNtNtNtCs1xmhvdYWKG8_9neuralnet3cnn10classifier5testss_56cnn_classifier_snapshot_round_trip_preserves_predictions0B9_
FN:2920,_RNCNvNtNtNtCs1xmhvdYWKG8_9neuralnet3cnn10classifier5testss_56cnn_classifier_snapshot_round_trip_preserves_predictionss1_0B9_
FN:2926,_RNCNvNtNtNtCs1xmhvdYWKG8_9neuralnet3cnn10classifier5testss_56cnn_classifier_snapshot_round_trip_preserves_predictionss3_0B9_
FN:2930,_RNCNvNtNtNtCs1xmhvdYWKG8_9neuralnet3cnn10classifier5testss_56cnn_classifier_snapshot_round_trip_preserves_predictionss4_0B9_
FN:2934,_RNCNvNtNtNtCs1xmhvdYWKG8_9neuralnet3cnn10classifier5testss_56cnn_classifier_snapshot_round_trip_preserves_predictionss6_0B9_
FN:2916,_RNCNvNtNtNtCs1xmhvdYWKG8_9neuralnet3cnn10classifier5testss_56cnn_classifier_snapshot_round_trip_preserves_predictionss_0B9_
FN:2978,_RNCNvNtNtNtCs1xmhvdYWKG8_9neuralnet3cnn10classifier5testss_57cnn_classifier_batch_prediction_matches_single_prediction0B9_
FN:3001,_RNCNvNtNtNtCs1xmhvdYWKG8_9neuralnet3cnn10classifier5testss_57cnn_classifier_batch_prediction_matches_single_predictions0_0B9_
FN:2992,_RNCNvNtNtNtCs1xmhvdYWKG8_9neuralnet3cnn10classifier5testss_57cnn_classifier_batch_prediction_matches_single_predictions_0B9_
FN:3052,_RNCNvNtNtNtCs1xmhvdYWKG8_9neuralnet3cnn10classifier5testss_57cnn_classifier_coalescing_predictor_flushes_by_queue_size0B9_
FN:3077,_RNCNvNtNtNtCs1xmhvdYWKG8_9neuralnet3cnn10classifier5testss_57cnn_classifier_coalescing_predictor_flushes_by_queue_sizes0_0B9_
FN:3086,_RNCNvNtNtNtCs1xmhvdYWKG8_9neuralnet3cnn10classifier5testss_57cnn_classifier_coalescing_predictor_flushes_by_queue_sizes1_0B9_
FN:3089,_RNCNvNtNtNtCs1xmhvdYWKG8_9neuralnet3cnn10classifier5testss_57cnn_classifier_coalescing_predictor_flushes_by_queue_sizes2_0B9_
FN:3072,_RNCNvNtNtNtCs1xmhvdYWKG8_9neuralnet3cnn10classifier5testss_57cnn_classifier_coalescing_predictor_flushes_by_queue_sizes_0B9_
FN:3014,_RNCNvNtNtNtCs1xmhvdYWKG8_9neuralnet3cnn10classifier5testss_59cnn_classifier_batch_prediction_report_has_expected_metrics0B9_
FN:3034,_RNCNvNtNtNtCs1xmhvdYWKG8_9neuralnet3cnn10classifier5testss_59cnn_classifier_batch_prediction_report_has_expected_metricss_0B9_
FN:2953,_RNCNvNtNtNtCs1xmhvdYWKG8_9neuralnet3cnn10classifier5testss_61cnn_classifier_inference_path_matches_cached_forward_features0B9_
FN:2961,_RNCNvNtNtNtCs1xmhvdYWKG8_9neuralnet3cnn10classifier5testss_61cnn_classifier_inference_path_matches_cached_forward_featuress0_0B9_
FN:2958,_RNCNvNtNtNtCs1xmhvdYWKG8_9neuralnet3cnn10classifier5testss_61cnn_classifier_inference_path_matches_cached_forward_featuress_0B9_
FN:2786,_RNCNvNtNtNtCs1xmhvdYWKG8_9neuralnet3cnn10classifier5testss_63cnn_classifier_two_layer_trains_and_predicts_on_simple_patterns0B9_
FN:2802,_RNCNvNtNtNtCs1xmhvdYWKG8_9neuralnet3cnn10classifier5testss_63cnn_classifier_two_layer_trains_and_predicts_on_simple_patternss0_0B9_
FN:2799,_RNCNvNtNtNtCs1xmhvdYWKG8_9neuralnet3cnn10classifier5testss_63cnn_classifier_two_layer_trains_and_predicts_on_simple_patternss_0B9_
FN:3214,_RNCNvNtNtNtCs1xmhvdYWKG8_9neuralnet3cnn10classifier5testss_66cnn_classifier_coalescing_scheduler_flush_unblocks_pending_request0B9_
FN:3238,_RNCNvNtNtNtCs1xmhvdYWKG8_9neuralnet3cnn10classifier5testss_66cnn_classifier_coalescing_scheduler_flush_unblocks_pending_requests0_0B9_
FN:3242,_RNCNvNtNtNtCs1xmhvdYWKG8_9neuralnet3cnn10classifier5testss_66cnn_classifier_coalescing_scheduler_flush_unblocks_pending_requests1_0B9_
FN:3247,_RNCNvNtNtNtCs1xmhvdYWKG8_9neuralnet3cnn10classifier5testss_66cnn_classifier_coalescing_scheduler_flush_unblocks_pending_requests2_0B9_
FN:3234,_RNCNvNtNtNtCs1xmhvdYWKG8_9neuralnet3cnn10classifier5testss_66cnn_classifier_coalescing_scheduler_flush_unblocks_pending_requests_0B9_
FN:3149,_RNCNvNtNtNtCs1xmhvdYWKG8_9neuralnet3cnn10classifier5testss_67cnn_classifier_coalescing_scheduler_matches_single_prediction_order0B9_
FN:3179,_RNCNvNtNtNtCs1xmhvdYWKG8_9neuralnet3cnn10classifier5testss_67cnn_classifier_coalescing_scheduler_matches_single_prediction_orders0_0B9_
FN:3188,_RNCNvNtNtNtCs1xmhvdYWKG8_9neuralnet3cnn10classifier5testss_67cnn_classifier_coalescing_scheduler_matches_single_prediction_orders1_0B9_
FN:3192,_RNCNvNtNtNtCs1xmhvdYWKG8_9neuralnet3cnn10classifier5testss_67cnn_classifier_coalescing_scheduler_matches_single_prediction_orders2_0B9_
FN:3203,_RNCNvNtNtNtCs1xmhvdYWKG8_9neuralnet3cnn10classifier5testss_67cnn_classifier_coalescing_scheduler_matches_single_prediction_orders3_0B9_
FN:3163,_RNCNvNtNtNtCs1xmhvdYWKG8_9neuralnet3cnn10classifier5testss_67cnn_classifier_coalescing_scheduler_matches_single_prediction_orders_0B9_
FN:2835,_RNCNvNtNtNtCs1xmhvdYWKG8_9neuralnet3cnn10classifier5testss_76cnn_classifier_supports_rgb_square_images_when_configured_for_three_channels0B9_
FN:2847,_RNCNvNtNtNtCs1xmhvdYWKG8_9neuralnet3cnn10classifier5testss_76cnn_classifier_supports_rgb_square_images_when_configured_for_three_channelss0_0B9_
FN:2857,_RNCNvNtNtNtCs1xmhvdYWKG8_9neuralnet3cnn10classifier5testss_76cnn_classifier_supports_rgb_square_images_when_configured_for_three_channelss1_0B9_
FN:2860,_RNCNvNtNtNtCs1xmhvdYWKG8_9neuralnet3cnn10classifier5testss_76cnn_classifier_supports_rgb_square_images_when_configured_for_three_channelss2_0B9_
FN:2843,_RNCNvNtNtNtCs1xmhvdYWKG8_9neuralnet3cnn10classifier5testss_76cnn_classifier_supports_rgb_square_images_when_configured_for_three_channelss_0B9_
FN:2708,_RNvNtNtNtCs1xmhvdYWKG8_9neuralnet3cnn10classifier5tests19classifier_test_dir
FN:2718,_RNvNtNtNtCs1xmhvdYWKG8_9neuralnet3cnn10classifier5tests26vertical_stripes_image_8x8
FN:2714,_RNvNtNtNtCs1xmhvdYWKG8_9neuralnet3cnn10classifier5tests27cleanup_classifier_test_dir
FN:2732,_RNvNtNtNtCs1xmhvdYWKG8_9neuralnet3cnn10classifier5tests28horizontal_stripes_image_8x8
FN:2809,_RNvNtNtNtCs1xmhvdYWKG8_9neuralnet3cnn10classifier5testss_39cnn_classifier_rejects_non_square_image
FN:3095,_RNvNtNtNtCs1xmhvdYWKG8_9neuralnet3cnn10classifier5testss_52cnn_classifier_coalescing_predictor_flushes_when_due
FN:2867,_RNvNtNtNtCs1xmhvdYWKG8_9neuralnet3cnn10classifier5testss_53cnn_classifier_supports_non_3x3_kernel_initialization
FN:2747,_RNvNtNtNtCs1xmhvdYWKG8_9neuralnet3cnn10classifier5testss_53cnn_classifier_trains_and_predicts_on_simple_patterns
FN:2888,_RNvNtNtNtCs1xmhvdYWKG8_9neuralnet3cnn10classifier5testss_56cnn_classifier_snapshot_round_trip_preserves_predictions
FN:2971,_RNvNtNtNtCs1xmhvdYWKG8_9neuralnet3cnn10classifier5testss_57cnn_classifier_batch_prediction_matches_single_prediction
FN:3045,_RNvNtNtNtCs1xmhvdYWKG8_9neuralnet3cnn10classifier5testss_57cnn_classifier_coalescing_predictor_flushes_by_queue_size
FN:3007,_RNvNtNtNtCs1xmhvdYWKG8_9neuralnet3cnn10classifier5testss_59cnn_classifier_batch_prediction_report_has_expected_metrics
FN:2944,_RNvNtNtNtCs1xmhvdYWKG8_9neuralnet3cnn10classifier5testss_61cnn_classifier_inference_path_matches_cached_forward_features
FN:2777,_RNvNtNtNtCs1xmhvdYWKG8_9neuralnet3cnn10classifier5testss_63cnn_classifier_two_layer_trains_and_predicts_on_simple_patterns
FN:3207,_RNvNtNtNtCs1xmhvdYWKG8_9neuralnet3cnn10classifier5testss_66cnn_classifier_coalescing_scheduler_flush_unblocks_pending_request
FN:3142,_RNvNtNtNtCs1xmhvdYWKG8_9neuralnet3cnn10classifier5testss_67cnn_classifier_coalescing_scheduler_matches_single_prediction_order
FN:2826,_RNvNtNtNtCs1xmhvdYWKG8_9neuralnet3cnn10classifier5testss_76cnn_classifier_supports_rgb_square_images_when_configured_for_three_channels
FNDA:0,_RNCNvNtNtCs1xmhvdYWKG8_9neuralnet3cnn10classifier19backward_conv_block0B7_
FNDA:0,_RNvMs7_NtNtCs1xmhvdYWKG8_9neuralnet3cnn10classifierNtB5_22CnnCoalescingScheduler12flush_if_due
FNDA:0,_RNvMs9_NtNtCs1xmhvdYWKG8_9neuralnet3cnn10classifierNtB5_27CnnCoalescingBatchPredictor14new_with_shape
FNDA:0,_RNvMsa_NtNtCs1xmhvdYWKG8_9neuralnet3cnn10classifierNtB5_18CnnImageClassifier12class_labels
FNDA:0,_RNvMsa_NtNtCs1xmhvdYWKG8_9neuralnet3cnn10classifierNtB5_18CnnImageClassifier14head_optimizer
FNDA:0,_RNvMsa_NtNtCs1xmhvdYWKG8_9neuralnet3cnn10classifierNtB5_18CnnImageClassifier14min_confidence
FNDA:0,_RNvMsa_NtNtCs1xmhvdYWKG8_9neuralnet3cnn10classifierNtB5_18CnnImageClassifier18head_learning_rate
FNDA:0,_RNvMsa_NtNtCs1xmhvdYWKG8_9neuralnet3cnn10classifierNtB5_18CnnImageClassifier18set_head_optimizer
FNDA:0,_RNvMsa_NtNtCs1xmhvdYWKG8_9neuralnet3cnn10classifierNtB5_18CnnImageClassifier19configure_head_adam
FNDA:0,_RNvMsa_NtNtCs1xmhvdYWKG8_9neuralnet3cnn10classifierNtB5_18CnnImageClassifier21set_head_weight_decay
FNDA:0,_RNvMsa_NtNtCs1xmhvdYWKG8_9neuralnet3cnn10classifierNtB5_18CnnImageClassifier26backward_feature_extractor
FNDA:0,_RNvMsa_NtNtCs1xmhvdYWKG8_9neuralnet3cnn10classifierNtB5_18CnnImageClassifier27train_image_with_dimensions
FNDA:0,_RNvMsa_NtNtCs1xmhvdYWKG8_9neuralnet3cnn10classifierNtB5_18CnnImageClassifier33train_image_batch_with_dimensions
FNDA:0,_RNvMsa_NtNtCs1xmhvdYWKG8_9neuralnet3cnn10classifierNtB5_18CnnImageClassifier33train_image_with_dimensions_timed
FNDA:0,_RNvMsa_NtNtCs1xmhvdYWKG8_9neuralnet3cnn10classifierNtB5_18CnnImageClassifier36forward_batch_with_cache_from_tensor
FNDA:0,_RNvMsa_NtNtCs1xmhvdYWKG8_9neuralnet3cnn10classifierNtB5_18CnnImageClassifier37backward_feature_extractor_with_scale
FNDA:0,_RNvMsa_NtNtCs1xmhvdYWKG8_9neuralnet3cnn10classifierNtB5_18CnnImageClassifier39predict_with_confidence_with_dimensions
FNDA:0,_RNvMsa_NtNtCs1xmhvdYWKG8_9neuralnet3cnn10classifierNtB5_18CnnImageClassifier39train_image_batch_with_dimensions_timed
FNDA:0,_RNvMsa_NtNtCs1xmhvdYWKG8_9neuralnet3cnn10classifierNtB5_18CnnImageClassifier42coalescing_batch_predictor_with_dimensions
FNDA:0,_RNvMsa_NtNtCs1xmhvdYWKG8_9neuralnet3cnn10classifierNtB5_18CnnImageClassifier42start_coalescing_scheduler_with_dimensions
FNDA:0,_RNvMsa_NtNtCs1xmhvdYWKG8_9neuralnet3cnn10classifierNtB5_18CnnImageClassifier43backward_feature_extractor_batch_with_scale
FNDA:0,_RNvMsa_NtNtCs1xmhvdYWKG8_9neuralnet3cnn10classifierNtB5_18CnnImageClassifier45predict_batch_with_confidence_with_dimensions
FNDA:0,_RNvNtNtCs1xmhvdYWKG8_9neuralnet3cnn10classifier13add_bias_grad
FNDA:0,_RNvNtNtCs1xmhvdYWKG8_9neuralnet3cnn10classifier19backward_conv_block
FNDA:0,_RNvNtNtCs1xmhvdYWKG8_9neuralnet3cnn10classifier26tensor_shape_element_count
FNDA:0,_RNvNtNtCs1xmhvdYWKG8_9neuralnet3cnn10classifier34forward_conv_block_with_mlx_mirror
FNDA:0,_RNvNtNtCs1xmhvdYWKG8_9neuralnet3cnn10classifier43forward_conv_block_with_mlx_mirror_no_cache
FNDA:0,_RNvXNtNtCs1xmhvdYWKG8_9neuralnet3cnn10classifierNtB2_23CnnImageClassifierErrorNtNtCse2qo0L34Llq_4core3fmt7Display3fmt
FNDA:0,_RNvXs5_NtNtCs1xmhvdYWKG8_9neuralnet3cnn10classifierNtB5_27CnnCoalescingPredictOptionsNtNtCse2qo0L34Llq_4core7default7Default7default
FNDA:124,_RNCNCNCNvMsa_NtNtCs1xmhvdYWKG8_9neuralnet3cnn10classifierNtBb_18CnnImageClassifier23train_image_batch_timeds0_000Bf_
FNDA:17,_RNCNCNCNvMsa_NtNtCs1xmhvdYWKG8_9neuralnet3cnn10classifierNtBb_18CnnImageClassifier36predict_batch_with_confidence_reports0_000Bf_
FNDA:124,_RNCNCNvMsa_NtNtCs1xmhvdYWKG8_9neuralnet3cnn10classifierNtB9_18CnnImageClassifier23train_image_batch_timeds0_00Bd_
FNDA:17,_RNCNCNvMsa_NtNtCs1xmhvdYWKG8_9neuralnet3cnn10classifierNtB9_18CnnImageClassifier36predict_batch_with_confidence_reports0_00Bd_
FNDA:0,_RNCNCNvNtNtCs1xmhvdYWKG8_9neuralnet3cnn10classifier28cnn_batch_preprocess_enabled00B9_
FNDA:0,_RNCNvMs6_NtNtCs1xmhvdYWKG8_9neuralnet3cnn10classifierNtB7_28CnnCoalescedPredictionHandle4wait0Bb_
FNDA:1,_RNCNvMs9_NtNtCs1xmhvdYWKG8_9neuralnet3cnn10classifierNtB7_27CnnCoalescingBatchPredictor12flush_if_due0Bb_
FNDA:2,_RNCNvMsa_NtNtCs1xmhvdYWKG8_9neuralnet3cnn10classifierNtB7_18CnnImageClassifier12save_to_file0Bb_
FNDA:0,_RNCNvMsa_NtNtCs1xmhvdYWKG8_9neuralnet3cnn10classifierNtB7_18CnnImageClassifier12save_to_files0_0Bb_
FNDA:1,_RNCNvMsa_NtNtCs1xmhvdYWKG8_9neuralnet3cnn10classifierNtB7_18CnnImageClassifier12save_to_files1_0Bb_
FNDA:2,_RNCNvMsa_NtNtCs1xmhvdYWKG8_9neuralnet3cnn10classifierNtB7_18CnnImageClassifier12save_to_files_0Bb_
FNDA:0,_RNCNvMsa_NtNtCs1xmhvdYWKG8_9neuralnet3cnn10classifierNtB7_18CnnImageClassifier14load_from_file0Bb_
FNDA:2,_RNCNvMsa_NtNtCs1xmhvdYWKG8_9neuralnet3cnn10classifierNtB7_18CnnImageClassifier14load_from_files0_0Bb_
FNDA:1,_RNCNvMsa_NtNtCs1xmhvdYWKG8_9neuralnet3cnn10classifierNtB7_18CnnImageClassifier14load_from_files_0Bb_
FNDA:25,_RNCNvMsa_NtNtCs1xmhvdYWKG8_9neuralnet3cnn10classifierNtB7_18CnnImageClassifier21forward_for_inference0Bb_
FNDA:62,_RNCNvMsa_NtNtCs1xmhvdYWKG8_9neuralnet3cnn10classifierNtB7_18CnnImageClassifier23train_image_batch_timed0Bb_
FNDA:62,_RNCNvMsa_NtNtCs1xmhvdYWKG8_9neuralnet3cnn10classifierNtB7_18CnnImageClassifier23train_image_batch_timeds0_0Bb_
FNDA:62,_RNCNvMsa_NtNtCs1xmhvdYWKG8_9neuralnet3cnn10classifierNtB7_18CnnImageClassifier23train_image_batch_timeds_0Bb_
FNDA:0,_RNCNvMsa_NtNtCs1xmhvdYWKG8_9neuralnet3cnn10classifierNtB7_18CnnImageClassifier32extract_features_with_dimensions0Bb_
FNDA:7,_RNCNvMsa_NtNtCs1xmhvdYWKG8_9neuralnet3cnn10classifierNtB7_18CnnImageClassifier36predict_batch_with_confidence_report0Bb_
FNDA:7,_RNCNvMsa_NtNtCs1xmhvdYWKG8_9neuralnet3cnn10classifierNtB7_18CnnImageClassifier36predict_batch_with_confidence_reports0_0Bb_
FNDA:7,_RNCNvMsa_NtNtCs1xmhvdYWKG8_9neuralnet3cnn10classifierNtB7_18CnnImageClassifier36predict_batch_with_confidence_reports_0Bb_
FNDA:1,_RNCNvNtNtCs1xmhvdYWKG8_9neuralnet3cnn10classifier28cnn_batch_preprocess_enabled0B7_
FNDA:5,_RNvMs6_NtNtCs1xmhvdYWKG8_9neuralnet3cnn10classifierNtB5_28CnnCoalescedPredictionHandle4wait
FNDA:4,_RNvMs7_NtNtCs1xmhvdYWKG8_9neuralnet3cnn10classifierNtB5_22CnnCoalescingScheduler5flush
FNDA:5,_RNvMs7_NtNtCs1xmhvdYWKG8_9neuralnet3cnn10classifierNtB5_22CnnCoalescingScheduler6submit
FNDA:2,_RNvMs7_NtNtCs1xmhvdYWKG8_9neuralnet3cnn10classifierNtB5_22CnnCoalescingScheduler8shutdown
FNDA:10,_RNvMs9_NtNtCs1xmhvdYWKG8_9neuralnet3cnn10classifierNtB5_27CnnCoalescingBatchPredictor10take_ready
FNDA:2,_RNvMs9_NtNtCs1xmhvdYWKG8_9neuralnet3cnn10classifierNtB5_27CnnCoalescingBatchPredictor11pending_len
FNDA:1,_RNvMs9_NtNtCs1xmhvdYWKG8_9neuralnet3cnn10classifierNtB5_27CnnCoalescingBatchPredictor12flush_if_due
FNDA:4,_RNvMs9_NtNtCs1xmhvdYWKG8_9neuralnet3cnn10classifierNtB5_27CnnCoalescingBatchPredictor3new
FNDA:7,_RNvMs9_NtNtCs1xmhvdYWKG8_9neuralnet3cnn10classifierNtB5_27CnnCoalescingBatchPredictor5flush
FNDA:1,_RNvMs9_NtNtCs1xmhvdYWKG8_9neuralnet3cnn10classifierNtB5_27CnnCoalescingBatchPredictor6finish
FNDA:9,_RNvMs9_NtNtCs1xmhvdYWKG8_9neuralnet3cnn10classifierNtB5_27CnnCoalescingBatchPredictor7enqueue
FNDA:851,_RNvMsa_NtNtCs1xmhvdYWKG8_9neuralnet3cnn10classifierNtB5_18CnnImageClassifier11train_image
FNDA:1,_RNvMsa_NtNtCs1xmhvdYWKG8_9neuralnet3cnn10classifierNtB5_18CnnImageClassifier12save_to_file
FNDA:3,_RNvMsa_NtNtCs1xmhvdYWKG8_9neuralnet3cnn10classifierNtB5_18CnnImageClassifier13new_two_layer
FNDA:1,_RNvMsa_NtNtCs1xmhvdYWKG8_9neuralnet3cnn10classifierNtB5_18CnnImageClassifier14load_from_file
FNDA:26,_RNvMsa_NtNtCs1xmhvdYWKG8_9neuralnet3cnn10classifierNtB5_18CnnImageClassifier16extract_features
FNDA:62,_RNvMsa_NtNtCs1xmhvdYWKG8_9neuralnet3cnn10classifierNtB5_18CnnImageClassifier17train_image_batch
FNDA:851,_RNvMsa_NtNtCs1xmhvdYWKG8_9neuralnet3cnn10classifierNtB5_18CnnImageClassifier17train_image_timed
FNDA:1,_RNvMsa_NtNtCs1xmhvdYWKG8_9neuralnet3cnn10classifierNtB5_18CnnImageClassifier18forward_with_cache
FNDA:12,_RNvMsa_NtNtCs1xmhvdYWKG8_9neuralnet3cnn10classifierNtB5_18CnnImageClassifier18set_min_confidence
FNDA:27,_RNvMsa_NtNtCs1xmhvdYWKG8_9neuralnet3cnn10classifierNtB5_18CnnImageClassifier21forward_for_inference
FNDA:40,_RNvMsa_NtNtCs1xmhvdYWKG8_9neuralnet3cnn10classifierNtB5_18CnnImageClassifier23classify_feature_vector
FNDA:24,_RNvMsa_NtNtCs1xmhvdYWKG8_9neuralnet3cnn10classifierNtB5_18CnnImageClassifier23predict_with_confidence
FNDA:62,_RNvMsa_NtNtCs1xmhvdYWKG8_9neuralnet3cnn10classifierNtB5_18CnnImageClassifier23train_image_batch_timed
FNDA:851,_RNvMsa_NtNtCs1xmhvdYWKG8_9neuralnet3cnn10classifierNtB5_18CnnImageClassifier24forward_with_cache_timed
FNDA:15,_RNvMsa_NtNtCs1xmhvdYWKG8_9neuralnet3cnn10classifierNtB5_18CnnImageClassifier25new_with_feature_channels
FNDA:2,_RNvMsa_NtNtCs1xmhvdYWKG8_9neuralnet3cnn10classifierNtB5_18CnnImageClassifier26coalescing_batch_predictor
FNDA:2,_RNvMsa_NtNtCs1xmhvdYWKG8_9neuralnet3cnn10classifierNtB5_18CnnImageClassifier26start_coalescing_scheduler
FNDA:1,_RNvMsa_NtNtCs1xmhvdYWKG8_9neuralnet3cnn10classifierNtB5_18CnnImageClassifier29predict_batch_with_confidence
FNDA:1,_RNvMsa_NtNtCs1xmhvdYWKG8_9neuralnet3cnn10classifierNtB5_18CnnImageClassifier30forward_with_cache_from_tensor
FNDA:0,_RNvMsa_NtNtCs1xmhvdYWKG8_9neuralnet3cnn10classifierNtB5_18CnnImageClassifier32extract_features_with_dimensions
FNDA:7,_RNvMsa_NtNtCs1xmhvdYWKG8_9neuralnet3cnn10classifierNtB5_18CnnImageClassifier34forward_batch_features_from_tensor
FNDA:913,_RNvMsa_NtNtCs1xmhvdYWKG8_9neuralnet3cnn10classifierNtB5_18CnnImageClassifier34sync_feature_blocks_backend_mirror
FNDA:851,_RNvMsa_NtNtCs1xmhvdYWKG8_9neuralnet3cnn10classifierNtB5_18CnnImageClassifier36forward_with_cache_from_tensor_timed
FNDA:6,_RNvMsa_NtNtCs1xmhvdYWKG8_9neuralnet3cnn10classifierNtB5_18CnnImageClassifier36predict_batch_with_confidence_report
FNDA:12,_RNvMsa_NtNtCs1xmhvdYWKG8_9neuralnet3cnn10classifierNtB5_18CnnImageClassifier3new
FNDA:1,_RNvMsa_NtNtCs1xmhvdYWKG8_9neuralnet3cnn10classifierNtB5_18CnnImageClassifier41new_with_feature_channels_and_kernel_size
FNDA:62,_RNvMsa_NtNtCs1xmhvdYWKG8_9neuralnet3cnn10classifierNtB5_18CnnImageClassifier42forward_batch_with_cache_from_tensor_timed
FNDA:32,_RNvMsa_NtNtCs1xmhvdYWKG8_9neuralnet3cnn10classifierNtB5_18CnnImageClassifier42forward_feature_stack_no_cache_from_tensor
FNDA:851,_RNvMsa_NtNtCs1xmhvdYWKG8_9neuralnet3cnn10classifierNtB5_18CnnImageClassifier43backward_feature_extractor_with_scale_timed
FNDA:1,_RNvMsa_NtNtCs1xmhvdYWKG8_9neuralnet3cnn10classifierNtB5_18CnnImageClassifier44forward_feature_stack_with_cache_from_tensor
FNDA:16,_RNvMsa_NtNtCs1xmhvdYWKG8_9neuralnet3cnn10classifierNtB5_18CnnImageClassifier44new_with_feature_channels_and_input_channels
FNDA:62,_RNvMsa_NtNtCs1xmhvdYWKG8_9neuralnet3cnn10classifierNtB5_18CnnImageClassifier49backward_feature_extractor_batch_with_scale_timed
FNDA:913,_RNvMsa_NtNtCs1xmhvdYWKG8_9neuralnet3cnn10classifierNtB5_18CnnImageClassifier50forward_feature_stack_with_cache_from_tensor_timed
FNDA:0,_RNvMsa_NtNtCs1xmhvdYWKG8_9neuralnet3cnn10classifierNtB5_18CnnImageClassifier52predict_batch_with_confidence_report_with_dimensions
FNDA:17,_RNvMsa_NtNtCs1xmhvdYWKG8_9neuralnet3cnn10classifierNtB5_18CnnImageClassifier60new_with_feature_channels_and_input_channels_and_kernel_size
FNDA:2,_RNvNtNtCs1xmhvdYWKG8_9neuralnet3cnn10classifier18forward_conv_block
FNDA:0,_RNvNtNtCs1xmhvdYWKG8_9neuralnet3cnn10classifier22default_input_channels
FNDA:20,_RNvNtNtCs1xmhvdYWKG8_9neuralnet3cnn10classifier23initialize_conv_kernels
FNDA:1194,_RNvNtNtCs1xmhvdYWKG8_9neuralnet3cnn10classifier23max_pool2d_with_indices
FNDA:1153,_RNvNtNtCs1xmhvdYWKG8_9neuralnet3cnn10classifier24forward_conv_block_timed
FNDA:9,_RNvNtNtCs1xmhvdYWKG8_9neuralnet3cnn10classifier26dispatch_ready_predictions
FNDA:1091,_RNvNtNtCs1xmhvdYWKG8_9neuralnet3cnn10classifier27apply_conv_gradients_single
FNDA:0,_RNvNtNtCs1xmhvdYWKG8_9neuralnet3cnn10classifier27fail_all_pending_responders
FNDA:39,_RNvNtNtCs1xmhvdYWKG8_9neuralnet3cnn10classifier27forward_conv_block_no_cache
FNDA:63,_RNvNtNtCs1xmhvdYWKG8_9neuralnet3cnn10classifier28cnn_batch_preprocess_enabled
FNDA:1153,_RNvNtNtCs1xmhvdYWKG8_9neuralnet3cnn10classifier29backward_conv_block_gradients
FNDA:39,_RNvNtNtCs1xmhvdYWKG8_9neuralnet3cnn10classifier30forward_feature_block_no_cache
FNDA:2,_RNvNtNtCs1xmhvdYWKG8_9neuralnet3cnn10classifier32forward_feature_block_with_cache
FNDA:851,_RNvNtNtCs1xmhvdYWKG8_9neuralnet3cnn10classifier33pooled_grad_from_feature_gradient
FNDA:1089,_RNvNtNtCs1xmhvdYWKG8_9neuralnet3cnn10classifier36infer_square_dimensions_and_channels
FNDA:1153,_RNvNtNtCs1xmhvdYWKG8_9neuralnet3cnn10classifier38forward_feature_block_with_cache_timed
FNDA:62,_RNvNtNtCs1xmhvdYWKG8_9neuralnet3cnn10classifier40pooled_grad_batch_from_feature_gradients
FNDA:0,_RNvXs0_NtNtCs1xmhvdYWKG8_9neuralnet3cnn10classifierNtB5_23CnnImageClassifierErrorINtNtCse2qo0L34Llq_4core7convert4FromNtNtNtB9_6tensor8adapters18TensorAdapterErrorE4from
FNDA:0,_RNvXs1_NtNtCs1xmhvdYWKG8_9neuralnet3cnn10classifierNtB5_23CnnImageClassifierErrorINtNtCse2qo0L34Llq_4core7convert4FromNtNtNtB9_6tensor8tensor4d11TensorErrorE4from
FNDA:0,_RNvXs2_NtNtCs1xmhvdYWKG8_9neuralnet3cnn10classifierNtB5_23CnnImageClassifierErrorINtNtCse2qo0L34Llq_4core7convert4FromNtNtNtB9_8training11linear_head15LinearHeadErrorE4from
FNDA:0,_RNvXs3_NtNtCs1xmhvdYWKG8_9neuralnet3cnn10classifierNtB5_26CnnImageClassifierSnapshotINtNtCse2qo0L34Llq_4core7convert4FromNtB5_32LegacyCnnImageClassifierSnapshotE4from
FNDA:1,_RNvXs4_NtNtCs1xmhvdYWKG8_9neuralnet3cnn10classifierNtB5_22CnnBatchPredictOptionsNtNtCse2qo0L34Llq_4core7default7Default7default
FNDA:2,_RNvXs8_NtNtCs1xmhvdYWKG8_9neuralnet3cnn10classifierNtB5_22CnnCoalescingSchedulerNtNtNtCse2qo0L34Llq_4core3ops4drop4Drop4drop
FNDA:0,_RNCNCNvNtNtNtCs1xmhvdYWKG8_9neuralnet3cnn10classifier5testss_57cnn_classifier_batch_prediction_matches_single_predictions_00Bb_
FNDA:0,_RNCNCNvNtNtNtCs1xmhvdYWKG8_9neuralnet3cnn10classifier5testss_67cnn_classifier_coalescing_scheduler_matches_single_prediction_orders0_00Bb_
FNDA:0,_RNCNCNvNtNtNtCs1xmhvdYWKG8_9neuralnet3cnn10classifier5testss_67cnn_classifier_coalescing_scheduler_matches_single_prediction_orders2_00Bb_
FNDA:0,_RNCNCNvNtNtNtCs1xmhvdYWKG8_9neuralnet3cnn10classifier5testss_67cnn_classifier_coalescing_scheduler_matches_single_prediction_orders_00Bb_
FNDA:0,_RNCNvNtNtNtCs1xmhvdYWKG8_9neuralnet3cnn10classifier5testss_39cnn_classifier_rejects_non_square_image0B9_
FNDA:0,_RNCNvNtNtNtCs1xmhvdYWKG8_9neuralnet3cnn10classifier5testss_52cnn_classifier_coalescing_predictor_flushes_when_due0B9_
FNDA:0,_RNCNvNtNtNtCs1xmhvdYWKG8_9neuralnet3cnn10classifier5testss_52cnn_classifier_coalescing_predictor_flushes_when_dues0_0B9_
FNDA:0,_RNCNvNtNtNtCs1xmhvdYWKG8_9neuralnet3cnn10classifier5testss_52cnn_classifier_coalescing_predictor_flushes_when_dues1_0B9_
FNDA:0,_RNCNvNtNtNtCs1xmhvdYWKG8_9neuralnet3cnn10classifier5testss_52cnn_classifier_coalescing_predictor_flushes_when_dues2_0B9_
FNDA:0,_RNCNvNtNtNtCs1xmhvdYWKG8_9neuralnet3cnn10classifier5testss_52cnn_classifier_coalescing_predictor_flushes_when_dues_0B9_
FNDA:0,_RNCNvNtNtNtCs1xmhvdYWKG8_9neuralnet3cnn10classifier5testss_53cnn_classifier_supports_non_3x3_kernel_initialization0B9_
FNDA:0,_RNCNvNtNtNtCs1xmhvdYWKG8_9neuralnet3cnn10classifier5testss_53cnn_classifier_supports_non_3x3_kernel_initializations_0B9_
FNDA:0,_RNCNvNtNtNtCs1xmhvdYWKG8_9neuralnet3cnn10classifier5testss_53cnn_classifier_trains_and_predicts_on_simple_patterns0B9_
FNDA:0,_RNCNvNtNtNtCs1xmhvdYWKG8_9neuralnet3cnn10classifier5testss_53cnn_classifier_trains_and_predicts_on_simple_patternss0_0B9_
FNDA:0,_RNCNvNtNtNtCs1xmhvdYWKG8_9neuralnet3cnn10classifier5testss_53cnn_classifier_trains_and_predicts_on_simple_patternss_0B9_
FNDA:0,_RNCNvNtNtNtCs1xmhvdYWKG8_9neuralnet3cnn10classifier5testss_56cnn_classifier_snapshot_round_trip_preserves_predictions0B9_
FNDA:0,_RNCNvNtNtNtCs1xmhvdYWKG8_9neuralnet3cnn10classifier5testss_56cnn_classifier_snapshot_round_trip_preserves_predictionss1_0B9_
FNDA:0,_RNCNvNtNtNtCs1xmhvdYWKG8_9neuralnet3cnn10classifier5testss_56cnn_classifier_snapshot_round_trip_preserves_predictionss3_0B9_
FNDA:0,_RNCNvNtNtNtCs1xmhvdYWKG8_9neuralnet3cnn10classifier5testss_56cnn_classifier_snapshot_round_trip_preserves_predictionss4_0B9_
FNDA:0,_RNCNvNtNtNtCs1xmhvdYWKG8_9neuralnet3cnn10classifier5testss_56cnn_classifier_snapshot_round_trip_preserves_predictionss6_0B9_
FNDA:0,_RNCNvNtNtNtCs1xmhvdYWKG8_9neuralnet3cnn10classifier5testss_56cnn_classifier_snapshot_round_trip_preserves_predictionss_0B9_
FNDA:0,_RNCNvNtNtNtCs1xmhvdYWKG8_9neuralnet3cnn10classifier5testss_57cnn_classifier_batch_prediction_matches_single_prediction0B9_
FNDA:0,_RNCNvNtNtNtCs1xmhvdYWKG8_9neuralnet3cnn10classifier5testss_57cnn_classifier_batch_prediction_matches_single_predictions0_0B9_
FNDA:4,_RNCNvNtNtNtCs1xmhvdYWKG8_9neuralnet3cnn10classifier5testss_57cnn_classifier_batch_prediction_matches_single_predictions_0B9_
FNDA:0,_RNCNvNtNtNtCs1xmhvdYWKG8_9neuralnet3cnn10classifier5testss_57cnn_classifier_coalescing_predictor_flushes_by_queue_size0B9_
FNDA:0,_RNCNvNtNtNtCs1xmhvdYWKG8_9neuralnet3cnn10classifier5testss_57cnn_classifier_coalescing_predictor_flushes_by_queue_sizes0_0B9_
FNDA:0,_RNCNvNtNtNtCs1xmhvdYWKG8_9neuralnet3cnn10classifier5testss_57cnn_classifier_coalescing_predictor_flushes_by_queue_sizes1_0B9_
FNDA:0,_RNCNvNtNtNtCs1xmhvdYWKG8_9neuralnet3cnn10classifier5testss_57cnn_classifier_coalescing_predictor_flushes_by_queue_sizes2_0B9_
FNDA:0,_RNCNvNtNtNtCs1xmhvdYWKG8_9neuralnet3cnn10classifier5testss_57cnn_classifier_coalescing_predictor_flushes_by_queue_sizes_0B9_
FNDA:0,_RNCNvNtNtNtCs1xmhvdYWKG8_9neuralnet3cnn10classifier5testss_59cnn_classifier_batch_prediction_report_has_expected_metrics0B9_
FNDA:0,_RNCNvNtNtNtCs1xmhvdYWKG8_9neuralnet3cnn10classifier5testss_59cnn_classifier_batch_prediction_report_has_expected_metricss_0B9_
FNDA:0,_RNCNvNtNtNtCs1xmhvdYWKG8_9neuralnet3cnn10classifier5testss_61cnn_classifier_inference_path_matches_cached_forward_features0B9_
FNDA:0,_RNCNvNtNtNtCs1xmhvdYWKG8_9neuralnet3cnn10classifier5testss_61cnn_classifier_inference_path_matches_cached_forward_featuress0_0B9_
FNDA:0,_RNCNvNtNtNtCs1xmhvdYWKG8_9neuralnet3cnn10classifier5testss_61cnn_classifier_inference_path_matches_cached_forward_featuress_0B9_
FNDA:0,_RNCNvNtNtNtCs1xmhvdYWKG8_9neuralnet3cnn10classifier5testss_63cnn_classifier_two_layer_trains_and_predicts_on_simple_patterns0B9_
FNDA:0,_RNCNvNtNtNtCs1xmhvdYWKG8_9neuralnet3cnn10classifier5testss_63cnn_classifier_two_layer_trains_and_predicts_on_simple_patternss0_0B9_
FNDA:0,_RNCNvNtNtNtCs1xmhvdYWKG8_9neuralnet3cnn10classifier5testss_63cnn_classifier_two_layer_trains_and_predicts_on_simple_patternss_0B9_
FNDA:0,_RNCNvNtNtNtCs1xmhvdYWKG8_9neuralnet3cnn10classifier5testss_66cnn_classifier_coalescing_scheduler_flush_unblocks_pending_request0B9_
FNDA:0,_RNCNvNtNtNtCs1xmhvdYWKG8_9neuralnet3cnn10classifier5testss_66cnn_classifier_coalescing_scheduler_flush_unblocks_pending_requests0_0B9_
FNDA:0,_RNCNvNtNtNtCs1xmhvdYWKG8_9neuralnet3cnn10classifier5testss_66cnn_classifier_coalescing_scheduler_flush_unblocks_pending_requests1_0B9_
FNDA:0,_RNCNvNtNtNtCs1xmhvdYWKG8_9neuralnet3cnn10classifier5testss_66cnn_classifier_coalescing_scheduler_flush_unblocks_pending_requests2_0B9_
FNDA:0,_RNCNvNtNtNtCs1xmhvdYWKG8_9neuralnet3cnn10classifier5testss_66cnn_classifier_coalescing_scheduler_flush_unblocks_pending_requests_0B9_
FNDA:0,_RNCNvNtNtNtCs1xmhvdYWKG8_9neuralnet3cnn10classifier5testss_67cnn_classifier_coalescing_scheduler_matches_single_prediction_order0B9_
FNDA:4,_RNCNvNtNtNtCs1xmhvdYWKG8_9neuralnet3cnn10classifier5testss_67cnn_classifier_coalescing_scheduler_matches_single_prediction_orders0_0B9_
FNDA:0,_RNCNvNtNtNtCs1xmhvdYWKG8_9neuralnet3cnn10classifier5testss_67cnn_classifier_coalescing_scheduler_matches_single_prediction_orders1_0B9_
FNDA:4,_RNCNvNtNtNtCs1xmhvdYWKG8_9neuralnet3cnn10classifier5testss_67cnn_classifier_coalescing_scheduler_matches_single_prediction_orders2_0B9_
FNDA:0,_RNCNvNtNtNtCs1xmhvdYWKG8_9neuralnet3cnn10classifier5testss_67cnn_classifier_coalescing_scheduler_matches_single_prediction_orders3_0B9_
FNDA:4,_RNCNvNtNtNtCs1xmhvdYWKG8_9neuralnet3cnn10classifier5testss_67cnn_classifier_coalescing_scheduler_matches_single_prediction_orders_0B9_
FNDA:0,_RNCNvNtNtNtCs1xmhvdYWKG8_9neuralnet3cnn10classifier5testss_76cnn_classifier_supports_rgb_square_images_when_configured_for_three_channels0B9_
FNDA:64,_RNCNvNtNtNtCs1xmhvdYWKG8_9neuralnet3cnn10classifier5testss_76cnn_classifier_supports_rgb_square_images_when_configured_for_three_channelss0_0B9_
FNDA:0,_RNCNvNtNtNtCs1xmhvdYWKG8_9neuralnet3cnn10classifier5testss_76cnn_classifier_supports_rgb_square_images_when_configured_for_three_channelss1_0B9_
FNDA:0,_RNCNvNtNtNtCs1xmhvdYWKG8_9neuralnet3cnn10classifier5testss_76cnn_classifier_supports_rgb_square_images_when_configured_for_three_channelss2_0B9_
FNDA:64,_RNCNvNtNtNtCs1xmhvdYWKG8_9neuralnet3cnn10classifier5testss_76cnn_classifier_supports_rgb_square_images_when_configured_for_three_channelss_0B9_
FNDA:3,_RNvNtNtNtCs1xmhvdYWKG8_9neuralnet3cnn10classifier5tests19classifier_test_dir
FNDA:12,_RNvNtNtNtCs1xmhvdYWKG8_9neuralnet3cnn10classifier5tests26vertical_stripes_image_8x8
FNDA:2,_RNvNtNtNtCs1xmhvdYWKG8_9neuralnet3cnn10classifier5tests27cleanup_classifier_test_dir
FNDA:10,_RNvNtNtNtCs1xmhvdYWKG8_9neuralnet3cnn10classifier5tests28horizontal_stripes_image_8x8
FNDA:1,_RNvNtNtNtCs1xmhvdYWKG8_9neuralnet3cnn10classifier5testss_39cnn_classifier_rejects_non_square_image
FNDA:1,_RNvNtNtNtCs1xmhvdYWKG8_9neuralnet3cnn10classifier5testss_52cnn_classifier_coalescing_predictor_flushes_when_due
FNDA:1,_RNvNtNtNtCs1xmhvdYWKG8_9neuralnet3cnn10classifier5testss_53cnn_classifier_supports_non_3x3_kernel_initialization
FNDA:1,_RNvNtNtNtCs1xmhvdYWKG8_9neuralnet3cnn10classifier5testss_53cnn_classifier_trains_and_predicts_on_simple_patterns
FNDA:1,_RNvNtNtNtCs1xmhvdYWKG8_9neuralnet3cnn10classifier5testss_56cnn_classifier_snapshot_round_trip_preserves_predictions
FNDA:1,_RNvNtNtNtCs1xmhvdYWKG8_9neuralnet3cnn10classifier5testss_57cnn_classifier_batch_prediction_matches_single_prediction
FNDA:1,_RNvNtNtNtCs1xmhvdYWKG8_9neuralnet3cnn10classifier5testss_57cnn_classifier_coalescing_predictor_flushes_by_queue_size
FNDA:1,_RNvNtNtNtCs1xmhvdYWKG8_9neuralnet3cnn10classifier5testss_59cnn_classifier_batch_prediction_report_has_expected_metrics
FNDA:1,_RNvNtNtNtCs1xmhvdYWKG8_9neuralnet3cnn10classifier5testss_61cnn_classifier_inference_path_matches_cached_forward_features
FNDA:1,_RNvNtNtNtCs1xmhvdYWKG8_9neuralnet3cnn10classifier5testss_63cnn_classifier_two_layer_trains_and_predicts_on_simple_patterns
FNDA:1,_RNvNtNtNtCs1xmhvdYWKG8_9neuralnet3cnn10classifier5testss_66cnn_classifier_coalescing_scheduler_flush_unblocks_pending_request
FNDA:1,_RNvNtNtNtCs1xmhvdYWKG8_9neuralnet3cnn10classifier5testss_67cnn_classifier_coalescing_scheduler_matches_single_prediction_order
FNDA:1,_RNvNtNtNtCs1xmhvdYWKG8_9neuralnet3cnn10classifier5testss_76cnn_classifier_supports_rgb_square_images_when_configured_for_three_channels
FNF:191
FNH:102
DA:35,63
DA:36,63
DA:37,1
DA:38,1
DA:39,1
DA:40,0
DA:41,0
DA:42,0
DA:43,0
DA:44,0
DA:45,0
DA:46,0
DA:47,1
DA:48,1
DA:49,63
DA:76,0
DA:77,0
DA:78,0
DA:79,0
DA:81,0
DA:82,0
DA:86,0
DA:87,0
DA:91,0
DA:92,0
DA:93,0
DA:97,0
DA:98,0
DA:102,0
DA:103,0
DA:104,0
DA:106,0
DA:112,0
DA:113,0
DA:114,0
DA:118,0
DA:119,0
DA:120,0
DA:124,0
DA:125,0
DA:126,0
DA:171,0
DA:172,0
DA:173,0
DA:174,0
DA:175,0
DA:176,0
DA:177,0
DA:178,0
DA:179,0
DA:180,0
DA:181,0
DA:182,0
DA:183,0
DA:184,0
DA:212,1
DA:213,1
DA:214,1
DA:215,1
DA:216,1
DA:217,1
DA:271,0
DA:272,0
DA:273,0
DA:274,0
DA:275,0
DA:276,0
DA:277,0
DA:278,0
DA:306,5
DA:307,5
DA:308,0
DA:309,0
DA:310,0
DA:311,0
DA:312,5
DA:324,5
DA:325,5
DA:326,5
DA:327,5
DA:328,5
DA:329,0
DA:330,0
DA:331,0
DA:332,5
DA:334,5
DA:335,5
DA:337,5
DA:338,0
DA:339,0
DA:340,5
DA:342,5
DA:343,5
DA:344,5
DA:346,0
DA:347,0
DA:348,0
DA:349,0
DA:351,0
DA:352,0
DA:353,0
DA:354,0
DA:355,0
DA:356,0
DA:358,4
DA:359,4
DA:360,0
DA:361,4
DA:363,4
DA:364,4
DA:365,4
DA:366,4
DA:368,2
DA:369,2
DA:370,2
DA:371,2
DA:372,2
DA:378,2
DA:379,2
DA:380,0
DA:381,0
DA:382,0
DA:383,2
DA:384,2
DA:388,9
DA:389,9
DA:390,9
DA:391,9
DA:392,9
DA:393,5
DA:394,5
DA:395,5
DA:397,9
DA:399,0
DA:400,0
DA:401,0
DA:402,0
DA:403,0
DA:404,0
DA:405,0
DA:406,0
DA:407,0
DA:411,4
DA:412,4
DA:413,4
DA:414,4
DA:415,4
DA:416,4
DA:417,4
DA:418,4
DA:419,4
DA:420,4
DA:421,4
DA:422,4
DA:423,4
DA:424,4
DA:425,4
DA:427,0
DA:428,0
DA:429,0
DA:430,0
DA:431,0
DA:432,0
DA:433,0
DA:434,0
DA:435,0
DA:436,0
DA:437,0
DA:438,0
DA:439,0
DA:440,0
DA:441,0
DA:442,0
DA:443,0
DA:444,0
DA:445,0
DA:447,9
DA:448,9
DA:449,4
DA:450,5
DA:452,9
DA:454,9
DA:455,9
DA:456,1
DA:457,8
DA:459,9
DA:460,9
DA:462,1
DA:464,1
DA:465,0
DA:466,1
DA:468,1
DA:469,1
DA:470,1
DA:472,1
DA:473,1
DA:474,0
DA:476,0
DA:477,1
DA:479,7
DA:481,7
DA:482,3
DA:483,4
DA:485,4
DA:486,0
DA:487,0
DA:488,0
DA:489,0
DA:490,0
DA:491,0
DA:492,0
DA:493,0
DA:494,0
DA:495,0
DA:497,4
DA:498,4
DA:499,4
DA:500,4
DA:501,4
DA:502,4
DA:503,0
DA:506,4
DA:507,4
DA:508,4
DA:509,4
DA:510,4
DA:511,4
DA:513,4
DA:514,4
DA:515,4
DA:517,7
DA:519,10
DA:520,10
DA:521,10
DA:523,2
DA:524,2
DA:525,2
DA:527,1
DA:529,1
DA:531,1
DA:532,1
DA:534,0
DA:537,1
DA:538,1
DA:539,1
DA:540,1
DA:541,1
DA:542,1
DA:543,1
DA:544,1
DA:545,1
DA:546,1
DA:548,1
DA:554,2
DA:555,2
DA:556,2
DA:557,2
DA:558,2
DA:559,2
DA:561,0
DA:562,0
DA:563,0
DA:564,0
DA:565,0
DA:566,0
DA:567,0
DA:569,2
DA:570,2
DA:571,2
DA:572,2
DA:573,2
DA:574,2
DA:575,2
DA:576,2
DA:577,2
DA:578,2
DA:580,0
DA:581,0
DA:582,0
DA:583,0
DA:584,0
DA:585,0
DA:586,0
DA:587,0
DA:588,0
DA:589,0
DA:590,0
DA:592,12
DA:593,12
DA:594,12
DA:595,12
DA:596,12
DA:597,12
DA:598,12
DA:599,12
DA:600,12
DA:601,12
DA:602,12
DA:603,12
DA:605,12
DA:607,1
DA:608,1
DA:609,1
DA:610,1
DA:611,1
DA:612,1
DA:613,1
DA:614,1
DA:615,1
DA:616,1
DA:617,1
DA:618,1
DA:619,1
DA:621,1
DA:622,1
DA:623,1
DA:624,1
DA:626,1
DA:628,3
DA:629,3
DA:630,3
DA:631,3
DA:632,3
DA:633,3
DA:634,3
DA:635,3
DA:636,3
DA:637,3
DA:638,3
DA:639,3
DA:640,3
DA:641,3
DA:643,3
DA:645,15
DA:646,15
DA:647,15
DA:648,15
DA:649,15
DA:650,15
DA:651,15
DA:652,15
DA:653,15
DA:654,15
DA:655,15
DA:657,15
DA:658,15
DA:660,15
DA:662,16
DA:663,16
DA:664,16
DA:665,16
DA:666,16
DA:667,16
DA:668,16
DA:669,16
DA:670,16
DA:671,16
DA:672,16
DA:673,16
DA:674,16
DA:675,16
DA:678,16
DA:680,16
DA:683,17
DA:684,17
DA:685,17
DA:686,17
DA:687,17
DA:688,17
DA:689,17
DA:690,17
DA:691,17
DA:692,17
DA:694,17
DA:695,0
DA:696,0
DA:697,0
DA:698,17
DA:700,17
DA:701,0
DA:702,0
DA:703,0
DA:704,17
DA:706,17
DA:707,0
DA:708,0
DA:709,0
DA:710,17
DA:712,17
DA:713,0
DA:714,0
DA:715,0
DA:716,17
DA:718,17
DA:719,0
DA:720,0
DA:721,0
DA:722,17
DA:724,17
DA:725,17
DA:727,34
DA:729,34
DA:730,34
DA:731,0
DA:732,34
DA:733,34
DA:734,0
DA:735,34
DA:737,34
DA:738,34
DA:739,34
DA:743,17
DA:744,0
DA:745,0
DA:746,0
DA:747,17
DA:749,17
DA:750,17
DA:751,20
DA:752,20
DA:753,20
DA:754,20
DA:755,20
DA:756,20
DA:757,20
DA:758,0
DA:759,20
DA:760,20
DA:761,20
DA:764,17
DA:766,17
DA:768,17
DA:769,17
DA:770,17
DA:771,17
DA:772,17
DA:773,17
DA:774,17
DA:775,17
DA:776,17
DA:777,17
DA:778,17
DA:780,17
DA:782,0
DA:783,0
DA:784,0
DA:786,12
DA:787,12
DA:788,12
DA:790,0
DA:791,0
DA:792,0
DA:794,0
DA:795,0
DA:796,0
DA:798,0
DA:799,0
DA:800,0
DA:802,0
DA:803,0
DA:804,0
DA:806,0
DA:807,0
DA:808,0
DA:810,1
DA:811,1
DA:812,1
DA:813,1
DA:815,1
DA:816,1
DA:818,2
DA:819,2
DA:820,2
DA:821,2
DA:824,1
DA:825,1
DA:827,913
DA:828,913
DA:829,913
DA:830,913
DA:832,913
DA:833,913
DA:834,913
DA:836,1153
DA:837,1153
DA:838,1153
DA:839,1153
DA:840,1153
DA:841,1153
DA:844,913
DA:845,913
DA:847,32
DA:848,32
DA:849,32
DA:850,32
DA:852,32
DA:854,39
DA:855,39
DA:858,32
DA:859,32
DA:861,913
DA:862,1153
DA:863,1153
DA:864,1153
DA:865,913
DA:868,0
DA:869,0
DA:870,0
DA:872,26
DA:873,26
DA:874,26
DA:876,27
DA:877,27
DA:878,27
DA:879,27
DA:880,27
DA:881,27
DA:882,27
DA:883,27
DA:884,2
DA:886,25
DA:887,0
DA:888,0
DA:889,0
DA:890,0
DA:891,25
DA:893,25
DA:894,25
DA:895,25
DA:896,25
DA:897,25
DA:898,25
DA:899,25
DA:901,0
DA:902,25
DA:903,25
DA:904,25
DA:905,25
DA:906,27
DA:908,1
DA:909,1
DA:910,1
DA:911,1
DA:912,1
DA:913,1
DA:914,1
DA:915,1
DA:916,0
DA:918,1
DA:919,0
DA:920,0
DA:921,0
DA:922,0
DA:923,1
DA:925,1
DA:926,1
DA:927,1
DA:928,1
DA:929,1
DA:930,1
DA:931,1
DA:933,0
DA:935,1
DA:936,1
DA:938,851
DA:939,851
DA:940,851
DA:941,851
DA:942,851
DA:943,851
DA:944,851
DA:945,851
DA:946,0
DA:948,851
DA:949,0
DA:950,0
DA:951,0
DA:952,0
DA:953,851
DA:955,851
DA:956,851
DA:957,851
DA:958,851
DA:959,851
DA:960,851
DA:961,851
DA:963,0
DA:965,851
DA:966,851
DA:968,0
DA:969,0
DA:970,0
DA:971,0
DA:972,0
DA:973,0
DA:974,0
DA:975,0
DA:976,0
DA:977,0
DA:978,0
DA:979,0
DA:980,0
DA:982,0
DA:983,0
DA:984,0
DA:985,0
DA:986,0
DA:987,0
DA:988,0
DA:990,0
DA:991,0
DA:992,0
DA:993,0
DA:994,0
DA:995,0
DA:997,1
DA:998,1
DA:999,1
DA:1000,1
DA:1002,1
DA:1003,1
DA:1004,1
DA:1005,1
DA:1006,1
DA:1008,0
DA:1009,0
DA:1010,0
DA:1011,1
DA:1013,1
DA:1014,1
DA:1015,1
DA:1017,1
DA:1018,1
DA:1019,1
DA:1020,1
DA:1021,1
DA:1023,851
DA:1024,851
DA:1025,851
DA:1026,851
DA:1028,851
DA:1029,851
DA:1030,851
DA:1031,851
DA:1032,851
DA:1034,0
DA:1035,0
DA:1036,0
DA:1037,851
DA:1039,851
DA:1040,851
DA:1041,851
DA:1042,851
DA:1043,851
DA:1045,851
DA:1046,851
DA:1047,851
DA:1048,851
DA:1049,851
DA:1050,851
DA:1052,0
DA:1053,0
DA:1054,0
DA:1055,0
DA:1056,0
DA:1057,0
DA:1058,0
DA:1059,0
DA:1060,0
DA:1062,0
DA:1063,0
DA:1064,0
DA:1065,0
DA:1067,0
DA:1069,0
DA:1070,0
DA:1072,0
DA:1073,0
DA:1074,0
DA:1075,0
DA:1077,0
DA:1079,62
DA:1080,62
DA:1081,62
DA:1082,62
DA:1083,62
DA:1084,62
DA:1085,62
DA:1086,62
DA:1087,62
DA:1089,0
DA:1090,0
DA:1091,0
DA:1092,62
DA:1094,62
DA:1096,62
DA:1097,62
DA:1098,62
DA:1099,62
DA:1101,62
DA:1102,62
DA:1103,62
DA:1104,62
DA:1105,62
DA:1107,62
DA:1109,7
DA:1110,7
DA:1111,7
DA:1112,7
DA:1113,7
DA:1114,7
DA:1115,7
DA:1116,7
DA:1117,7
DA:1119,0
DA:1120,0
DA:1121,0
DA:1122,7
DA:1124,7
DA:1126,7
DA:1127,7
DA:1128,7
DA:1130,851
DA:1131,851
DA:1132,851
DA:1133,851
DA:1135,851
DA:1137,851
DA:1138,851
DA:1139,851
DA:1140,851
DA:1141,851
DA:1142,851
DA:1143,851
DA:1144,851
DA:1145,851
DA:1146,0
DA:1149,851
DA:1150,851
DA:1151,851
DA:1153,851
DA:1154,851
DA:1155,851
DA:1156,851
DA:1157,851
DA:1159,851
DA:1160,851
DA:1161,851
DA:1162,851
DA:1164,0
DA:1165,851
DA:1167,851
DA:1169,851
DA:1170,851
DA:1171,851
DA:1172,851
DA:1173,851
DA:1174,851
DA:1175,851
DA:1176,851
DA:1177,851
DA:1178,851
DA:1179,851
DA:1180,851
DA:1182,851
DA:1184,0
DA:1185,0
DA:1186,0
DA:1187,0
DA:1188,0
DA:1189,0
DA:1190,0
DA:1191,0
DA:1192,0
DA:1193,0
DA:1194,0
DA:1195,0
DA:1197,0
DA:1198,0
DA:1199,0
DA:1200,0
DA:1201,0
DA:1202,0
DA:1203,0
DA:1204,0
DA:1205,0
DA:1206,0
DA:1207,0
DA:1208,0
DA:1209,0
DA:1212,0
DA:1213,0
DA:1214,0
DA:1215,0
DA:1216,0
DA:1217,0
DA:1219,0
DA:1220,0
DA:1221,0
DA:1222,0
DA:1223,0
DA:1224,0
DA:1225,0
DA:1226,0
DA:1228,0
DA:1229,0
DA:1231,0
DA:1232,0
DA:1233,0
DA:1235,0
DA:1236,0
DA:1237,0
DA:1238,0
DA:1239,0
DA:1241,0
DA:1242,0
DA:1243,0
DA:1244,0
DA:1246,0
DA:1247,0
DA:1249,0
DA:1251,0
DA:1252,0
DA:1253,0
DA:1254,0
DA:1255,0
DA:1256,0
DA:1257,0
DA:1258,0
DA:1259,0
DA:1260,0
DA:1261,0
DA:1262,0
DA:1263,0
DA:1265,62
DA:1266,62
DA:1267,62
DA:1268,62
DA:1269,62
DA:1270,62
DA:1271,62
DA:1272,62
DA:1274,62
DA:1276,62
DA:1277,62
DA:1278,62
DA:1279,62
DA:1280,62
DA:1281,62
DA:1283,62
DA:1284,0
DA:1285,0
DA:1286,0
DA:1287,62
DA:1289,62
DA:1290,62
DA:1291,62
DA:1292,0
DA:1295,62
DA:1296,62
DA:1297,62
DA:1298,62
DA:1299,62
DA:1301,62
DA:1302,62
DA:1303,62
DA:1304,62
DA:1305,62
DA:1306,124
DA:1307,124
DA:1308,124
DA:1309,124
DA:1310,62
DA:1311,62
DA:1313,0
DA:1315,62
DA:1317,62
DA:1318,62
DA:1319,62
DA:1320,62
DA:1321,62
DA:1322,62
DA:1323,62
DA:1324,62
DA:1325,62
DA:1326,62
DA:1327,62
DA:1328,62
DA:1330,0
DA:1331,62
DA:1333,62
DA:1334,62
DA:1335,62
DA:1336,62
DA:1337,62
DA:1338,62
DA:1340,0
DA:1341,0
DA:1342,0
DA:1343,0
DA:1344,0
DA:1345,0
DA:1346,0
DA:1350,0
DA:1351,0
DA:1352,0
DA:1353,0
DA:1354,0
DA:1355,0
DA:1356,0
DA:1359,62
DA:1361,62
DA:1362,62
DA:1363,62
DA:1364,62
DA:1365,62
DA:1366,62
DA:1368,62
DA:1370,62
DA:1371,62
DA:1372,62
DA:1374,62
DA:1375,62
DA:1376,62
DA:1377,62
DA:1378,62
DA:1379,62
DA:1381,0
DA:1382,62
DA:1383,62
DA:1384,62
DA:1385,62
DA:1386,62
DA:1387,62
DA:1388,62
DA:1389,62
DA:1391,0
DA:1392,0
DA:1393,0
DA:1394,0
DA:1395,0
DA:1396,0
DA:1397,0
DA:1398,0
DA:1399,0
DA:1400,0
DA:1401,0
DA:1402,0
DA:1403,0
DA:1404,0
DA:1407,62
DA:1409,62
DA:1411,62
DA:1412,62
DA:1413,62
DA:1414,62
DA:1415,62
DA:1416,62
DA:1417,62
DA:1418,62
DA:1419,62
DA:1420,62
DA:1421,62
DA:1422,62
DA:1424,62
DA:1426,0
DA:1427,0
DA:1428,0
DA:1429,0
DA:1430,0
DA:1431,0
DA:1432,0
DA:1433,0
DA:1434,0
DA:1435,0
DA:1437,0
DA:1438,0
DA:1439,0
DA:1440,0
DA:1441,0
DA:1442,0
DA:1443,0
DA:1445,0
DA:1446,0
DA:1447,0
DA:1448,0
DA:1449,0
DA:1451,0
DA:1452,0
DA:1453,0
DA:1454,0
DA:1457,0
DA:1458,0
DA:1459,0
DA:1460,0
DA:1461,0
DA:1462,0
DA:1464,0
DA:1465,0
DA:1466,0
DA:1467,0
DA:1468,0
DA:1469,0
DA:1470,0
DA:1471,0
DA:1473,0
DA:1474,0
DA:1476,0
DA:1477,0
DA:1478,0
DA:1480,0
DA:1481,0
DA:1482,0
DA:1483,0
DA:1484,0
DA:1485,0
DA:1487,0
DA:1489,0
DA:1490,0
DA:1491,0
DA:1493,0
DA:1494,0
DA:1495,0
DA:1496,0
DA:1497,0
DA:1499,0
DA:1500,0
DA:1502,0
DA:1504,0
DA:1505,0
DA:1506,0
DA:1507,0
DA:1508,0
DA:1509,0
DA:1510,0
DA:1511,0
DA:1512,0
DA:1513,0
DA:1514,0
DA:1515,0
DA:1516,0
DA:1518,24
DA:1519,24
DA:1520,24
DA:1521,24
DA:1522,24
DA:1523,23
DA:1524,24
DA:1526,0
DA:1527,0
DA:1528,0
DA:1529,0
DA:1530,0
DA:1531,0
DA:1532,0
DA:1533,0
DA:1534,0
DA:1535,0
DA:1537,1
DA:1538,1
DA:1539,1
DA:1540,1
DA:1541,1
DA:1542,1
DA:1543,1
DA:1545,6
DA:1546,6
DA:1547,6
DA:1548,6
DA:1549,6
DA:1550,6
DA:1551,0
DA:1552,0
DA:1553,0
DA:1554,0
DA:1555,0
DA:1556,0
DA:1557,0
DA:1558,0
DA:1559,0
DA:1560,0
DA:1561,6
DA:1563,6
DA:1564,6
DA:1565,6
DA:1566,6
DA:1567,6
DA:1568,6
DA:1570,7
DA:1571,7
DA:1573,7
DA:1574,7
DA:1575,7
DA:1576,7
DA:1577,7
DA:1578,17
DA:1579,17
DA:1580,17
DA:1581,17
DA:1582,7
DA:1583,7
DA:1585,0
DA:1587,7
DA:1589,7
DA:1590,7
DA:1592,7
DA:1593,7
DA:1594,7
DA:1595,7
DA:1596,7
DA:1597,7
DA:1598,7
DA:1599,7
DA:1601,0
DA:1602,7
DA:1604,7
DA:1605,7
DA:1606,17
DA:1607,17
DA:1609,7
DA:1610,7
DA:1611,0
DA:1613,0
DA:1614,0
DA:1615,0
DA:1616,0
DA:1617,0
DA:1621,6
DA:1622,6
DA:1623,6
DA:1624,6
DA:1625,6
DA:1626,6
DA:1627,6
DA:1628,6
DA:1629,6
DA:1630,6
DA:1631,6
DA:1632,6
DA:1634,0
DA:1635,0
DA:1636,0
DA:1637,0
DA:1638,0
DA:1639,0
DA:1640,0
DA:1641,0
DA:1642,0
DA:1643,0
DA:1644,0
DA:1645,0
DA:1646,0
DA:1647,0
DA:1648,0
DA:1649,0
DA:1650,0
DA:1651,0
DA:1652,0
DA:1653,0
DA:1655,0
DA:1656,0
DA:1657,0
DA:1658,0
DA:1659,0
DA:1660,0
DA:1662,0
DA:1663,0
DA:1664,0
DA:1665,0
DA:1666,0
DA:1667,0
DA:1669,0
DA:1670,0
DA:1672,0
DA:1673,0
DA:1674,0
DA:1675,0
DA:1676,0
DA:1677,0
DA:1678,0
DA:1679,0
DA:1680,0
DA:1682,0
DA:1683,0
DA:1685,0
DA:1686,0
DA:1687,0
DA:1688,0
DA:1690,0
DA:1691,0
DA:1692,0
DA:1694,0
DA:1695,0
DA:1696,0
DA:1697,0
DA:1698,0
DA:1702,0
DA:1703,0
DA:1704,0
DA:1705,0
DA:1706,0
DA:1707,0
DA:1708,0
DA:1709,0
DA:1710,0
DA:1711,0
DA:1712,0
DA:1713,0
DA:1715,0
DA:1716,0
DA:1717,0
DA:1718,0
DA:1719,0
DA:1720,0
DA:1721,0
DA:1722,0
DA:1723,0
DA:1724,0
DA:1725,0
DA:1726,0
DA:1727,0
DA:1728,0
DA:1729,0
DA:1730,0
DA:1732,40
DA:1733,40
DA:1734,40
DA:1735,40
DA:1736,40
DA:1738,40
DA:1739,40
DA:1740,80
DA:1741,80
DA:1742,60
DA:1743,60
DA:1744,60
DA:1747,40
DA:1748,1
DA:1749,39
DA:1751,39
DA:1752,39
DA:1753,39
DA:1754,39
DA:1755,39
DA:1756,39
DA:1757,39
DA:1759,39
DA:1760,40
DA:1762,1
DA:1764,1
DA:1765,2
DA:1766,2
DA:1767,2
DA:1769,1
DA:1770,1
DA:1772,1
DA:1773,0
DA:1775,1
DA:1776,1
DA:1777,1
DA:1778,1
DA:1779,1
DA:1780,1
DA:1781,2
DA:1782,2
DA:1783,1
DA:1784,1
DA:1785,1
DA:1788,1
DA:1789,0
DA:1790,0
DA:1791,0
DA:1793,0
DA:1796,0
DA:1798,1
DA:1799,1
DA:1800,1
DA:1802,1
DA:1804,1
DA:1805,1
DA:1806,1
DA:1809,1
DA:1810,1
DA:1812,1
DA:1814,1
DA:1816,1
DA:1818,1
DA:1820,1
DA:1821,1
DA:1823,0
DA:1824,0
DA:1825,0
DA:1826,0
DA:1827,0
DA:1828,0
DA:1829,0
DA:1830,1
DA:1832,1
DA:1834,1
DA:1835,1
DA:1837,0
DA:1838,0
DA:1839,0
DA:1840,0
DA:1841,0
DA:1843,0
DA:1846,0
DA:1847,0
DA:1851,1
DA:1852,0
DA:1853,0
DA:1854,0
DA:1855,0
DA:1856,0
DA:1857,0
DA:1858,0
DA:1859,1
DA:1861,1
DA:1862,0
DA:1863,0
DA:1864,0
DA:1865,0
DA:1866,0
DA:1867,0
DA:1868,0
DA:1869,1
DA:1871,1
DA:1872,0
DA:1873,0
DA:1874,0
DA:1875,0
DA:1876,0
DA:1877,0
DA:1878,0
DA:1879,1
DA:1881,1
DA:1882,0
DA:1883,0
DA:1884,0
DA:1885,0
DA:1886,0
DA:1887,0
DA:1888,0
DA:1889,1
DA:1891,2
DA:1892,1
DA:1893,1
DA:1894,1
DA:1895,1
DA:1897,2
DA:1898,0
DA:1899,0
DA:1900,0
DA:1901,0
DA:1902,0
DA:1903,0
DA:1904,0
DA:1905,0
DA:1906,2
DA:1909,1
DA:1910,0
DA:1911,0
DA:1912,0
DA:1913,0
DA:1914,0
DA:1915,0
DA:1916,0
DA:1917,1
DA:1919,1
DA:1920,1
DA:1921,1
DA:1922,1
DA:1923,1
DA:1924,1
DA:1926,1
DA:1927,0
DA:1928,0
DA:1929,0
DA:1930,0
DA:1931,0
DA:1932,0
DA:1933,0
DA:1934,1
DA:1937,1
DA:1938,1
DA:1939,1
DA:1940,1
DA:1941,1
DA:1942,1
DA:1943,1
DA:1944,1
DA:1945,1
DA:1946,2
DA:1947,1
DA:1948,1
DA:1949,1
DA:1950,1
DA:1953,1
DA:1955,0
DA:1956,0
DA:1957,0
DA:1958,0
DA:1959,0
DA:1960,0
DA:1961,0
DA:1962,0
DA:1963,0
DA:1965,0
DA:1966,0
DA:1967,0
DA:1968,0
DA:1969,0
DA:1970,0
DA:1971,0
DA:1972,0
DA:1973,0
DA:1974,0
DA:1976,851
DA:1977,851
DA:1978,851
DA:1979,851
DA:1980,851
DA:1981,851
DA:1983,851
DA:1984,0
DA:1985,0
DA:1986,0
DA:1987,851
DA:1989,851
DA:1991,851
DA:1992,851
DA:1993,851
DA:1994,851
DA:1995,851
DA:1996,0
DA:1997,851
DA:1999,1091
DA:2000,1091
DA:2001,1091
DA:2002,1091
DA:2003,1091
DA:2004,0
DA:2005,1091
DA:2006,1091
DA:2007,1091
DA:2008,1091
DA:2009,1091
DA:2010,0
DA:2011,1091
DA:2012,1091
DA:2013,1091
DA:2014,1091
DA:2015,1091
DA:2016,1091
DA:2017,1091
DA:2018,0
DA:2019,1091
DA:2021,1091
DA:2022,1091
DA:2023,1091
DA:2024,1091
DA:2025,1091
DA:2026,1091
DA:2027,1091
DA:2029,0
DA:2030,1091
DA:2032,1091
DA:2033,240
DA:2034,240
DA:2035,240
DA:2036,240
DA:2037,240
DA:2038,0
DA:2039,240
DA:2040,240
DA:2041,0
DA:2042,0
DA:2043,0
DA:2044,0
DA:2045,240
DA:2046,240
DA:2047,240
DA:2048,240
DA:2049,851
DA:2052,851
DA:2053,851
DA:2055,851
DA:2057,0
DA:2058,0
DA:2059,0
DA:2060,0
DA:2061,0
DA:2062,0
DA:2063,0
DA:2064,0
DA:2065,0
DA:2066,0
DA:2067,0
DA:2069,62
DA:2070,62
DA:2071,62
DA:2072,62
DA:2073,62
DA:2074,62
DA:2075,62
DA:2077,62
DA:2078,0
DA:2079,0
DA:2080,0
DA:2081,62
DA:2083,62
DA:2085,62
DA:2086,62
DA:2087,62
DA:2088,62
DA:2089,62
DA:2090,0
DA:2091,62
DA:2093,62
DA:2094,62
DA:2095,62
DA:2096,62
DA:2097,62
DA:2098,0
DA:2099,62
DA:2100,62
DA:2101,62
DA:2102,62
DA:2103,62
DA:2104,0
DA:2105,62
DA:2106,62
DA:2107,62
DA:2108,62
DA:2109,62
DA:2110,62
DA:2111,62
DA:2112,0
DA:2113,62
DA:2115,62
DA:2116,62
DA:2117,62
DA:2118,62
DA:2119,0
DA:2120,62
DA:2122,62
DA:2123,0
DA:2124,0
DA:2125,0
DA:2126,0
DA:2127,0
DA:2128,0
DA:2129,0
DA:2130,0
DA:2131,0
DA:2132,0
DA:2133,0
DA:2134,0
DA:2135,0
DA:2136,0
DA:2137,0
DA:2138,0
DA:2139,62
DA:2142,62
DA:2143,62
DA:2144,62
DA:2146,62
DA:2148,62
DA:2149,62
DA:2151,62
DA:2155,0
DA:2156,0
DA:2157,0
DA:2159,20
DA:2160,20
DA:2161,20
DA:2162,20
DA:2163,20
DA:2164,20
DA:2165,20
DA:2167,20
DA:2169,20
DA:2170,20
DA:2172,52
DA:2173,92
DA:2174,92
DA:2175,15
DA:2180,77
DA:2181,15
DA:2187,62
DA:2188,62
DA:2189,62
DA:2190,62
DA:2191,62
DA:2193,92
DA:2197,20
DA:2198,20
DA:2200,20
DA:2202,2
DA:2203,2
DA:2204,2
DA:2205,2
DA:2214,2
DA:2215,2
DA:2217,1153
DA:2218,1153
DA:2219,1153
DA:2220,1153
DA:2229,1153
DA:2230,1153
DA:2232,39
DA:2233,39
DA:2234,39
DA:2235,39
DA:2244,39
DA:2245,39
DA:2247,2
DA:2248,2
DA:2249,2
DA:2250,2
DA:2251,2
DA:2253,2
DA:2254,2
DA:2255,2
DA:2257,2
DA:2258,2
DA:2260,2
DA:2261,2
DA:2262,2
DA:2263,2
DA:2264,2
DA:2265,2
DA:2266,2
DA:2267,2
DA:2268,2
DA:2270,2
DA:2272,1153
DA:2273,1153
DA:2274,1153
DA:2275,1153
DA:2276,1153
DA:2278,1153
DA:2279,1153
DA:2280,1153
DA:2282,1153
DA:2283,1153
DA:2285,1153
DA:2286,1153
DA:2287,1153
DA:2288,1153
DA:2290,1153
DA:2291,1153
DA:2292,1153
DA:2293,1153
DA:2294,1153
DA:2295,1153
DA:2296,1153
DA:2297,1153
DA:2298,1153
DA:2299,1153
DA:2300,1153
DA:2301,1153
DA:2302,1153
DA:2303,1153
DA:2305,1153
DA:2307,39
DA:2308,39
DA:2309,39
DA:2310,39
DA:2311,39
DA:2312,39
DA:2313,39
DA:2314,39
DA:2315,39
DA:2316,39
DA:2394,0
DA:2395,0
DA:2396,0
DA:2397,0
DA:2398,0
DA:2399,0
DA:2400,0
DA:2401,0
DA:2402,0
DA:2403,0
DA:2406,0
DA:2407,0
DA:2408,0
DA:2409,0
DA:2410,0
DA:2411,0
DA:2412,0
DA:2413,0
DA:2414,0
DA:2415,0
DA:2417,851
DA:2418,851
DA:2419,851
DA:2420,851
DA:2422,851
DA:2424,851
DA:2425,0
DA:2426,0
DA:2427,0
DA:2428,0
DA:2429,851
DA:2431,851
DA:2432,851
DA:2434,2182
DA:2435,2182
DA:2436,10474
DA:2437,63718
DA:2438,63718
DA:2443,851
DA:2445,851
DA:2447,0
DA:2448,0
DA:2449,0
DA:2450,0
DA:2451,0
DA:2452,0
DA:2453,0
DA:2455,62
DA:2456,62
DA:2457,62
DA:2458,62
DA:2460,62
DA:2462,62
DA:2463,0
DA:2464,0
DA:2465,0
DA:2466,0
DA:2467,62
DA:2469,62
DA:2470,62
DA:2471,62
DA:2472,62
DA:2474,124
DA:2475,124
DA:2476,0
DA:2477,0
DA:2478,0
DA:2479,0
DA:2480,124
DA:2482,124
DA:2483,248
DA:2484,248
DA:2485,248
DA:2486,12152
DA:2487,12152
DA:2488,12152
DA:2492,62
DA:2494,62
DA:2496,0
DA:2497,0
DA:2498,0
DA:2499,0
DA:2500,0
DA:2501,0
DA:2502,0
DA:2503,0
DA:2505,0
DA:2506,0
DA:2507,0
DA:2508,0
DA:2509,0
DA:2510,0
DA:2511,0
DA:2513,0
DA:2515,0
DA:2517,0
DA:2519,1153
DA:2520,1153
DA:2521,1153
DA:2522,1153
DA:2523,1153
DA:2524,1153
DA:2526,1153
DA:2527,1153
DA:2528,1153
DA:2529,1153
DA:2530,1153
DA:2531,1153
DA:2532,1153
DA:2533,1153
DA:2534,1153
DA:2536,1153
DA:2538,1153
DA:2540,0
DA:2542,0
DA:2543,0
DA:2544,0
DA:2545,0
DA:2546,0
DA:2547,0
DA:2549,0
DA:2550,0
DA:2551,0
DA:2553,0
DA:2554,0
DA:2556,1091
DA:2557,1091
DA:2558,1091
DA:2559,1091
DA:2560,1091
DA:2561,1091
DA:2562,1091
DA:2563,1091
DA:2565,1091
DA:2566,0
DA:2567,0
DA:2568,0
DA:2569,0
DA:2570,1091
DA:2572,1091
DA:2573,0
DA:2574,0
DA:2575,0
DA:2576,0
DA:2577,1091
DA:2579,1091
DA:2580,1091
DA:2581,1091
DA:2583,3142
DA:2584,6342
DA:2585,6342
DA:2586,19026
DA:2587,57078
DA:2588,57078
DA:2589,57078
DA:2590,57078
DA:2594,3142
DA:2597,1091
DA:2599,1091
DA:2601,1194
DA:2602,1194
DA:2603,1194
DA:2604,1194
DA:2605,1194
DA:2606,1194
DA:2607,1194
DA:2609,1194
DA:2610,0
DA:2611,0
DA:2612,0
DA:2613,1194
DA:2614,1194
DA:2615,0
DA:2616,1194
DA:2618,1194
DA:2619,1194
DA:2620,0
DA:2621,0
DA:2622,0
DA:2623,1194
DA:2625,1194
DA:2626,1194
DA:2627,1194
DA:2628,1194
DA:2630,1194
DA:2631,1194
DA:2632,1194
DA:2633,1194
DA:2635,1266
DA:2636,1266
DA:2637,1266
DA:2639,3524
DA:2640,3524
DA:2641,3524
DA:2643,19706
DA:2644,19706
DA:2645,19706
DA:2647,128010
DA:2648,128010
DA:2649,128010
DA:2650,128010
DA:2652,256020
DA:2653,256020
DA:2654,256020
DA:2656,512040
DA:2657,512040
DA:2658,512040
DA:2659,512040
DA:2660,144788
DA:2661,144788
DA:2662,367252
DA:2666,128010
DA:2667,128010
DA:2668,128010
DA:2674,1194
DA:2676,1194
DA:2678,1089
DA:2680,1089
DA:2681,0
DA:2682,1089
DA:2684,1089
DA:2686,1175
DA:2687,1175
DA:2688,2
DA:2689,1173
DA:2691,1173
DA:2692,1173
DA:2694,1173
DA:2695,1087
DA:2696,86
DA:2699,2
DA:2700,1089
DA:2708,3
DA:2709,3
DA:2710,3
DA:2711,3
DA:2712,3
DA:2714,2
DA:2715,2
DA:2716,2
DA:2718,12
DA:2719,12
DA:2720,96
DA:2721,768
DA:2722,768
DA:2723,384
DA:2724,384
DA:2725,384
DA:2726,384
DA:2729,12
DA:2730,12
DA:2732,10
DA:2733,10
DA:2734,80
DA:2735,640
DA:2736,640
DA:2737,320
DA:2738,320
DA:2739,320
DA:2740,320
DA:2743,10
DA:2744,10
DA:2747,1
DA:2748,1
DA:2749,1
DA:2754,1
DA:2755,1
DA:2757,1
DA:2758,1
DA:2760,40
DA:2761,40
DA:2762,40
DA:2763,40
DA:2765,1
DA:2766,1
DA:2767,1
DA:2768,1
DA:2769,1
DA:2770,1
DA:2772,1
DA:2773,1
DA:2774,1
DA:2777,1
DA:2778,1
DA:2779,1
DA:2786,1
DA:2787,1
DA:2789,1
DA:2790,1
DA:2792,80
DA:2793,80
DA:2794,80
DA:2795,80
DA:2797,1
DA:2798,1
DA:2799,1
DA:2800,1
DA:2801,1
DA:2802,1
DA:2804,1
DA:2805,1
DA:2806,1
DA:2809,1
DA:2810,1
DA:2811,1
DA:2816,1
DA:2818,1
DA:2819,1
DA:2820,1
DA:2823,1
DA:2826,1
DA:2827,1
DA:2828,1
DA:2832,1
DA:2835,1
DA:2836,1
DA:2838,1
DA:2839,1
DA:2841,1
DA:2842,1
DA:2843,64
DA:2844,1
DA:2845,1
DA:2846,1
DA:2847,64
DA:2848,1
DA:2850,40
DA:2851,40
DA:2852,40
DA:2853,40
DA:2855,1
DA:2856,1
DA:2857,1
DA:2858,1
DA:2859,1
DA:2860,1
DA:2862,1
DA:2863,1
DA:2864,1
DA:2867,1
DA:2868,1
DA:2869,1
DA:2872,1
DA:2877,1
DA:2879,1
DA:2880,1
DA:2881,1
DA:2882,1
DA:2884,1
DA:2885,1
DA:2888,1
DA:2889,1
DA:2890,1
DA:2891,1
DA:2893,1
DA:2895,1
DA:2896,1
DA:2903,1
DA:2904,1
DA:2906,1
DA:2907,1
DA:2909,40
DA:2910,40
DA:2911,40
DA:2912,40
DA:2914,1
DA:2915,1
DA:2916,1
DA:2917,1
DA:2918,1
DA:2919,1
DA:2920,1
DA:2921,1
DA:2923,1
DA:2925,1
DA:2926,1
DA:2928,1
DA:2929,1
DA:2930,1
DA:2931,1
DA:2932,1
DA:2933,1
DA:2934,1
DA:2935,1
DA:2937,1
DA:2938,1
DA:2940,1
DA:2941,1
DA:2944,1
DA:2945,1
DA:2946,1
DA:2953,1
DA:2955,1
DA:2956,1
DA:2957,1
DA:2958,1
DA:2959,1
DA:2960,1
DA:2961,1
DA:2964,1
DA:2965,4
DA:2966,4
DA:2968,1
DA:2971,1
DA:2972,1
DA:2973,1
DA:2978,1
DA:2979,1
DA:2981,1
DA:2982,1
DA:2984,40
DA:2985,40
DA:2986,40
DA:2987,40
DA:2989,1
DA:2990,1
DA:2991,1
DA:2992,4
DA:2993,4
DA:2994,4
DA:2995,4
DA:2996,4
DA:2997,1
DA:2999,1
DA:3000,1
DA:3001,1
DA:3003,1
DA:3004,1
DA:3007,1
DA:3008,1
DA:3009,1
DA:3014,1
DA:3015,1
DA:3017,1
DA:3018,1
DA:3020,20
DA:3021,20
DA:3022,20
DA:3023,20
DA:3025,1
DA:3026,1
DA:3027,1
DA:3028,1
DA:3029,1
DA:3030,1
DA:3031,1
DA:3032,1
DA:3034,1
DA:3036,1
DA:3037,1
DA:3038,1
DA:3039,1
DA:3040,1
DA:3041,1
DA:3042,1
DA:3045,1
DA:3046,1
DA:3047,1
DA:3052,1
DA:3053,1
DA:3055,1
DA:3056,1
DA:3058,20
DA:3059,20
DA:3060,20
DA:3061,20
DA:3063,1
DA:3064,1
DA:3065,1
DA:3066,1
DA:3067,1
DA:3068,1
DA:3070,1
DA:3071,1
DA:3072,1
DA:3073,1
DA:3075,1
DA:3076,1
DA:3077,1
DA:3078,1
DA:3080,1
DA:3081,1
DA:3083,1
DA:3084,1
DA:3085,1
DA:3086,1
DA:3087,1
DA:3088,1
DA:3089,1
DA:3091,1
DA:3092,1
DA:3095,1
DA:3096,1
DA:3097,1
DA:3102,1
DA:3103,1
DA:3105,1
DA:3106,1
DA:3108,20
DA:3109,20
DA:3110,20
DA:3111,20
DA:3113,1
DA:3114,1
DA:3115,1
DA:3116,1
DA:3117,1
DA:3118,1
DA:3120,1
DA:3121,1
DA:3122,1
DA:3123,1
DA:3124,1
DA:3125,1
DA:3127,1
DA:3128,1
DA:3129,1
DA:3130,1
DA:3132,1
DA:3133,1
DA:3134,1
DA:3136,1
DA:3137,1
DA:3138,1
DA:3139,1
DA:3142,1
DA:3143,1
DA:3144,1
DA:3149,1
DA:3150,1
DA:3152,1
DA:3153,1
DA:3155,20
DA:3156,20
DA:3157,20
DA:3158,20
DA:3160,1
DA:3161,1
DA:3162,1
DA:3163,4
DA:3164,4
DA:3165,4
DA:3166,4
DA:3167,4
DA:3168,1
DA:3170,1
DA:3171,1
DA:3172,1
DA:3173,1
DA:3174,1
DA:3175,1
DA:3177,1
DA:3178,1
DA:3179,4
DA:3180,4
DA:3181,4
DA:3182,4
DA:3183,4
DA:3184,1
DA:3186,1
DA:3187,1
DA:3188,1
DA:3190,1
DA:3191,1
DA:3192,4
DA:3193,4
DA:3194,4
DA:3195,4
DA:3196,4
DA:3197,1
DA:3199,1
DA:3201,1
DA:3202,1
DA:3203,1
DA:3204,1
DA:3207,1
DA:3208,1
DA:3209,1
DA:3214,1
DA:3215,1
DA:3217,1
DA:3218,1
DA:3220,20
DA:3221,20
DA:3222,20
DA:3223,20
DA:3225,1
DA:3226,1
DA:3227,1
DA:3228,1
DA:3229,1
DA:3230,1
DA:3232,1
DA:3233,1
DA:3234,1
DA:3236,1
DA:3237,1
DA:3238,1
DA:3240,1
DA:3241,1
DA:3242,1
DA:3243,1
DA:3245,1
DA:3246,1
DA:3247,1
DA:3248,1
BRF:0
BRH:0
LF:2361
LH:1527
end_of_record
SF:/Users/samcolak/Source Code/rust/neuron_server/library/neuralnet/src/cnn/cnn_trainer.rs
FN:118,_RINvNtNtCs1xmhvdYWKG8_9neuralnet3cnn11cnn_trainer10pop_prefixpEB6_
FN:246,_RNCNCNvMs2_NtNtCs1xmhvdYWKG8_9neuralnet3cnn11cnn_trainerNtNtBb_10classifier18CnnImageClassifier29train_with_data_loader_scaleds1_00Bd_
FN:332,_RNCNCNvMs2_NtNtCs1xmhvdYWKG8_9neuralnet3cnn11cnn_trainerNtNtBb_10classifier18CnnImageClassifier29train_with_data_loader_scaleds7_00Bd_
FN:617,_RNCNvMs2_NtNtCs1xmhvdYWKG8_9neuralnet3cnn11cnn_trainerNtNtB9_10classifier18CnnImageClassifier27train_labeled_image_samples0Bb_
FN:219,_RNCNvMs2_NtNtCs1xmhvdYWKG8_9neuralnet3cnn11cnn_trainerNtNtB9_10classifier18CnnImageClassifier29train_with_data_loader_scaled0Bb_
FN:246,_RNCNvMs2_NtNtCs1xmhvdYWKG8_9neuralnet3cnn11cnn_trainerNtNtB9_10classifier18CnnImageClassifier29train_with_data_loader_scaleds1_0Bb_
FN:323,_RNCNvMs2_NtNtCs1xmhvdYWKG8_9neuralnet3cnn11cnn_trainerNtNtB9_10classifier18CnnImageClassifier29train_with_data_loader_scaleds5_0Bb_
FN:332,_RNCNvMs2_NtNtCs1xmhvdYWKG8_9neuralnet3cnn11cnn_trainerNtNtB9_10classifier18CnnImageClassifier29train_with_data_loader_scaleds7_0Bb_
FN:237,_RNCNvMs2_NtNtCs1xmhvdYWKG8_9neuralnet3cnn11cnn_trainerNtNtB9_10classifier18CnnImageClassifier29train_with_data_loader_scaleds_0Bb_
FN:58,_RNvMs0_NtNtCs1xmhvdYWKG8_9neuralnet3cnn11cnn_trainerNtB5_19CnnScaleTrainConfig20effective_batch_size
FN:137,_RNvMs2_NtNtCs1xmhvdYWKG8_9neuralnet3cnn11cnn_trainerNtNtB7_10classifier18CnnImageClassifier22train_with_data_loader
FN:600,_RNvMs2_NtNtCs1xmhvdYWKG8_9neuralnet3cnn11cnn_trainerNtNtB7_10classifier18CnnImageClassifier27train_labeled_image_samples
FN:153,_RNvMs2_NtNtCs1xmhvdYWKG8_9neuralnet3cnn11cnn_trainerNtNtB7_10classifier18CnnImageClassifier29train_with_data_loader_scaled
FN:448,_RNvMs2_NtNtCs1xmhvdYWKG8_9neuralnet3cnn11cnn_trainerNtNtB7_10classifier18CnnImageClassifier37evaluate_labeled_images_with_pipeline
FN:659,_RNvNtNtNtCs1xmhvdYWKG8_9neuralnet3cnn11cnn_trainer5tests27diagonal_gradient_image_8x8
FN:68,_RNvXs1_NtNtCs1xmhvdYWKG8_9neuralnet3cnn11cnn_trainerNtB5_19CnnScaleTrainConfigNtNtCse2qo0L34Llq_4core7default7Default7default
FN:678,_RNCNvNtNtNtCs1xmhvdYWKG8_9neuralnet3cnn11cnn_trainer5testss_33cnn_trainer_batches_report_counts0B9_
FN:783,_RNCNvNtNtNtCs1xmhvdYWKG8_9neuralnet3cnn11cnn_trainer5testss_48cnn_trainer_loss_trends_down_on_repeated_batches0B9_
FN:793,_RNCNvNtNtNtCs1xmhvdYWKG8_9neuralnet3cnn11cnn_trainer5testss_48cnn_trainer_loss_trends_down_on_repeated_batchess0_0B9_
FN:799,_RNCNvNtNtNtCs1xmhvdYWKG8_9neuralnet3cnn11cnn_trainer5testss_48cnn_trainer_loss_trends_down_on_repeated_batchess1_0B9_
FN:802,_RNCNvNtNtNtCs1xmhvdYWKG8_9neuralnet3cnn11cnn_trainer5testss_48cnn_trainer_loss_trends_down_on_repeated_batchess2_0B9_
FN:790,_RNCNvNtNtNtCs1xmhvdYWKG8_9neuralnet3cnn11cnn_trainer5testss_48cnn_trainer_loss_trends_down_on_repeated_batchess_0B9_
FN:707,_RNCNvNtNtNtCs1xmhvdYWKG8_9neuralnet3cnn11cnn_trainer5testss_58cnn_trainer_evaluation_returns_confusion_and_micro_metrics0B9_
FN:732,_RNCNvNtNtNtCs1xmhvdYWKG8_9neuralnet3cnn11cnn_trainer5testss_58cnn_trainer_evaluation_returns_confusion_and_micro_metricss_0B9_
FN:747,_RNCNvNtNtNtCs1xmhvdYWKG8_9neuralnet3cnn11cnn_trainer5testss_62cnn_trainer_confidence_threshold_can_force_unknown_predictions0B9_
FN:769,_RNCNvNtNtNtCs1xmhvdYWKG8_9neuralnet3cnn11cnn_trainer5testss_62cnn_trainer_confidence_threshold_can_force_unknown_predictionss_0B9_
FN:543,_RNvMs2_NtNtCs1xmhvdYWKG8_9neuralnet3cnn11cnn_trainerNtNtB7_10classifier18CnnImageClassifier23evaluate_labeled_images
FN:515,_RNvMs2_NtNtCs1xmhvdYWKG8_9neuralnet3cnn11cnn_trainerNtNtB7_10classifier18CnnImageClassifier27train_labeled_image_batches
FN:631,_RNvNtNtNtCs1xmhvdYWKG8_9neuralnet3cnn11cnn_trainer5tests26vertical_stripes_image_8x8
FN:645,_RNvNtNtNtCs1xmhvdYWKG8_9neuralnet3cnn11cnn_trainer5tests28horizontal_stripes_image_8x8
FN:670,_RNvNtNtNtCs1xmhvdYWKG8_9neuralnet3cnn11cnn_trainer5testss_33cnn_trainer_batches_report_counts
FN:776,_RNvNtNtNtCs1xmhvdYWKG8_9neuralnet3cnn11cnn_trainer5testss_48cnn_trainer_loss_trends_down_on_repeated_batches
FN:699,_RNvNtNtNtCs1xmhvdYWKG8_9neuralnet3cnn11cnn_trainer5testss_58cnn_trainer_evaluation_returns_confusion_and_micro_metrics
FN:739,_RNvNtNtNtCs1xmhvdYWKG8_9neuralnet3cnn11cnn_trainer5testss_62cnn_trainer_confidence_threshold_can_force_unknown_predictions
FN:25,_RNvMNtNtCs1xmhvdYWKG8_9neuralnet3cnn11cnn_trainerNtB2_15CnnTrainerBatch3new
FN:41,_RNvMs_NtNtCs1xmhvdYWKG8_9neuralnet3cnn11cnn_trainerNtB4_19CnnEvaluationSample3new
FNDA:0,_RINvNtNtCs1xmhvdYWKG8_9neuralnet3cnn11cnn_trainer10pop_prefixpEB6_
FNDA:0,_RNCNCNvMs2_NtNtCs1xmhvdYWKG8_9neuralnet3cnn11cnn_trainerNtNtBb_10classifier18CnnImageClassifier29train_with_data_loader_scaleds1_00Bd_
FNDA:0,_RNCNCNvMs2_NtNtCs1xmhvdYWKG8_9neuralnet3cnn11cnn_trainerNtNtBb_10classifier18CnnImageClassifier29train_with_data_loader_scaleds7_00Bd_
FNDA:0,_RNCNvMs2_NtNtCs1xmhvdYWKG8_9neuralnet3cnn11cnn_trainerNtNtB9_10classifier18CnnImageClassifier27train_labeled_image_samples0Bb_
FNDA:0,_RNCNvMs2_NtNtCs1xmhvdYWKG8_9neuralnet3cnn11cnn_trainerNtNtB9_10classifier18CnnImageClassifier29train_with_data_loader_scaled0Bb_
FNDA:0,_RNCNvMs2_NtNtCs1xmhvdYWKG8_9neuralnet3cnn11cnn_trainerNtNtB9_10classifier18CnnImageClassifier29train_with_data_loader_scaleds1_0Bb_
FNDA:0,_RNCNvMs2_NtNtCs1xmhvdYWKG8_9neuralnet3cnn11cnn_trainerNtNtB9_10classifier18CnnImageClassifier29train_with_data_loader_scaleds5_0Bb_
FNDA:0,_RNCNvMs2_NtNtCs1xmhvdYWKG8_9neuralnet3cnn11cnn_trainerNtNtB9_10classifier18CnnImageClassifier29train_with_data_loader_scaleds7_0Bb_
FNDA:0,_RNCNvMs2_NtNtCs1xmhvdYWKG8_9neuralnet3cnn11cnn_trainerNtNtB9_10classifier18CnnImageClassifier29train_with_data_loader_scaleds_0Bb_
FNDA:0,_RNvMs0_NtNtCs1xmhvdYWKG8_9neuralnet3cnn11cnn_trainerNtB5_19CnnScaleTrainConfig20effective_batch_size
FNDA:0,_RNvMs2_NtNtCs1xmhvdYWKG8_9neuralnet3cnn11cnn_trainerNtNtB7_10classifier18CnnImageClassifier22train_with_data_loader
FNDA:0,_RNvMs2_NtNtCs1xmhvdYWKG8_9neuralnet3cnn11cnn_trainerNtNtB7_10classifier18CnnImageClassifier27train_labeled_image_samples
FNDA:0,_RNvMs2_NtNtCs1xmhvdYWKG8_9neuralnet3cnn11cnn_trainerNtNtB7_10classifier18CnnImageClassifier29train_with_data_loader_scaled
FNDA:0,_RNvMs2_NtNtCs1xmhvdYWKG8_9neuralnet3cnn11cnn_trainerNtNtB7_10classifier18CnnImageClassifier37evaluate_labeled_images_with_pipeline
FNDA:0,_RNvNtNtNtCs1xmhvdYWKG8_9neuralnet3cnn11cnn_trainer5tests27diagonal_gradient_image_8x8
FNDA:0,_RNvXs1_NtNtCs1xmhvdYWKG8_9neuralnet3cnn11cnn_trainerNtB5_19CnnScaleTrainConfigNtNtCse2qo0L34Llq_4core7default7Default7default
FNDA:0,_RNCNvNtNtNtCs1xmhvdYWKG8_9neuralnet3cnn11cnn_trainer5testss_33cnn_trainer_batches_report_counts0B9_
FNDA:0,_RNCNvNtNtNtCs1xmhvdYWKG8_9neuralnet3cnn11cnn_trainer5testss_48cnn_trainer_loss_trends_down_on_repeated_batches0B9_
FNDA:0,_RNCNvNtNtNtCs1xmhvdYWKG8_9neuralnet3cnn11cnn_trainer5testss_48cnn_trainer_loss_trends_down_on_repeated_batchess0_0B9_
FNDA:0,_RNCNvNtNtNtCs1xmhvdYWKG8_9neuralnet3cnn11cnn_trainer5testss_48cnn_trainer_loss_trends_down_on_repeated_batchess1_0B9_
FNDA:0,_RNCNvNtNtNtCs1xmhvdYWKG8_9neuralnet3cnn11cnn_trainer5testss_48cnn_trainer_loss_trends_down_on_repeated_batchess2_0B9_
FNDA:0,_RNCNvNtNtNtCs1xmhvdYWKG8_9neuralnet3cnn11cnn_trainer5testss_48cnn_trainer_loss_trends_down_on_repeated_batchess_0B9_
FNDA:0,_RNCNvNtNtNtCs1xmhvdYWKG8_9neuralnet3cnn11cnn_trainer5testss_58cnn_trainer_evaluation_returns_confusion_and_micro_metrics0B9_
FNDA:1,_RNCNvNtNtNtCs1xmhvdYWKG8_9neuralnet3cnn11cnn_trainer5testss_58cnn_trainer_evaluation_returns_confusion_and_micro_metricss_0B9_
FNDA:0,_RNCNvNtNtNtCs1xmhvdYWKG8_9neuralnet3cnn11cnn_trainer5testss_62cnn_trainer_confidence_threshold_can_force_unknown_predictions0B9_
FNDA:1,_RNCNvNtNtNtCs1xmhvdYWKG8_9neuralnet3cnn11cnn_trainer5testss_62cnn_trainer_confidence_threshold_can_force_unknown_predictionss_0B9_
FNDA:2,_RNvMs2_NtNtCs1xmhvdYWKG8_9neuralnet3cnn11cnn_trainerNtNtB7_10classifier18CnnImageClassifier23evaluate_labeled_images
FNDA:1,_RNvMs2_NtNtCs1xmhvdYWKG8_9neuralnet3cnn11cnn_trainerNtNtB7_10classifier18CnnImageClassifier27train_labeled_image_batches
FNDA:90,_RNvNtNtNtCs1xmhvdYWKG8_9neuralnet3cnn11cnn_trainer5tests26vertical_stripes_image_8x8
FNDA:88,_RNvNtNtNtCs1xmhvdYWKG8_9neuralnet3cnn11cnn_trainer5tests28horizontal_stripes_image_8x8
FNDA:1,_RNvNtNtNtCs1xmhvdYWKG8_9neuralnet3cnn11cnn_trainer5testss_33cnn_trainer_batches_report_counts
FNDA:1,_RNvNtNtNtCs1xmhvdYWKG8_9neuralnet3cnn11cnn_trainer5testss_48cnn_trainer_loss_trends_down_on_repeated_batches
FNDA:1,_RNvNtNtNtCs1xmhvdYWKG8_9neuralnet3cnn11cnn_trainer5testss_58cnn_trainer_evaluation_returns_confusion_and_micro_metrics
FNDA:1,_RNvNtNtNtCs1xmhvdYWKG8_9neuralnet3cnn11cnn_trainer5testss_62cnn_trainer_confidence_threshold_can_force_unknown_predictions
FNDA:2,_RNvMNtNtCs1xmhvdYWKG8_9neuralnet3cnn11cnn_trainerNtB2_15CnnTrainerBatch3new
FNDA:4,_RNvMs_NtNtCs1xmhvdYWKG8_9neuralnet3cnn11cnn_trainerNtB4_19CnnEvaluationSample3new
FNF:36
FNH:12
DA:25,2
DA:26,2
DA:27,2
DA:28,2
DA:29,2
DA:30,2
DA:41,4
DA:42,4
DA:43,4
DA:44,4
DA:45,4
DA:46,4
DA:58,0
DA:59,0
DA:60,0
DA:61,0
DA:62,0
DA:68,0
DA:69,0
DA:70,0
DA:71,0
DA:72,0
DA:73,0
DA:118,0
DA:120,0
DA:121,0
DA:122,0
DA:123,0
DA:125,0
DA:126,0
DA:127,0
DA:128,0
DA:129,0
DA:131,0
DA:133,0
DA:137,0
DA:138,0
DA:139,0
DA:140,0
DA:141,0
DA:142,0
DA:144,0
DA:145,0
DA:146,0
DA:147,0
DA:148,0
DA:149,0
DA:150,0
DA:151,0
DA:153,0
DA:154,0
DA:155,0
DA:156,0
DA:157,0
DA:158,0
DA:159,0
DA:161,0
DA:162,0
DA:163,0
DA:164,0
DA:165,0
DA:166,0
DA:167,0
DA:168,0
DA:169,0
DA:170,0
DA:171,0
DA:172,0
DA:173,0
DA:174,0
DA:175,0
DA:176,0
DA:177,0
DA:178,0
DA:179,0
DA:180,0
DA:181,0
DA:182,0
DA:183,0
DA:184,0
DA:185,0
DA:186,0
DA:187,0
DA:188,0
DA:189,0
DA:190,0
DA:191,0
DA:192,0
DA:194,0
DA:195,0
DA:196,0
DA:198,0
DA:200,0
DA:201,0
DA:202,0
DA:203,0
DA:205,0
DA:206,0
DA:207,0
DA:208,0
DA:209,0
DA:210,0
DA:212,0
DA:213,0
DA:215,0
DA:217,0
DA:218,0
DA:219,0
DA:220,0
DA:221,0
DA:222,0
DA:223,0
DA:224,0
DA:225,0
DA:226,0
DA:229,0
DA:230,0
DA:232,0
DA:233,0
DA:235,0
DA:236,0
DA:237,0
DA:238,0
DA:239,0
DA:241,0
DA:242,0
DA:243,0
DA:244,0
DA:245,0
DA:246,0
DA:247,0
DA:248,0
DA:249,0
DA:250,0
DA:251,0
DA:252,0
DA:253,0
DA:255,0
DA:256,0
DA:257,0
DA:258,0
DA:259,0
DA:260,0
DA:261,0
DA:262,0
DA:263,0
DA:264,0
DA:265,0
DA:266,0
DA:267,0
DA:268,0
DA:269,0
DA:270,0
DA:271,0
DA:272,0
DA:273,0
DA:274,0
DA:275,0
DA:276,0
DA:279,0
DA:280,0
DA:281,0
DA:282,0
DA:283,0
DA:284,0
DA:285,0
DA:286,0
DA:287,0
DA:288,0
DA:289,0
DA:290,0
DA:291,0
DA:292,0
DA:293,0
DA:294,0
DA:295,0
DA:296,0
DA:297,0
DA:298,0
DA:299,0
DA:300,0
DA:303,0
DA:304,0
DA:305,0
DA:306,0
DA:307,0
DA:308,0
DA:309,0
[...]
FN:568,_RNCNvNtNtNtCs1xmhvdYWKG8_9neuralnet8training7trainer5testss_62image_batch_evaluation_uses_cnn_path_and_reports_micro_metricss0_0B9_
FN:561,_RNCNvNtNtNtCs1xmhvdYWKG8_9neuralnet8training7trainer5testss_62image_batch_evaluation_uses_cnn_path_and_reports_micro_metricss_0B9_
FN:348,_RNCNvNtNtNtCs1xmhvdYWKG8_9neuralnet8training7trainer5testss_75trainer_bridge_predictions_include_expected_confidence_and_unknown_behavior0B9_
FN:109,_RNvMs0_NtNtCs1xmhvdYWKG8_9neuralnet8training7trainerNtNtNtB9_4core5brain15MultiModalBrain21train_labeled_batches
FN:84,_RNvMs0_NtNtCs1xmhvdYWKG8_9neuralnet8training7trainerNtNtNtB9_4core5brain15MultiModalBrain21train_labeled_pattern
FN:149,_RNvMs0_NtNtCs1xmhvdYWKG8_9neuralnet8training7trainerNtNtNtB9_4core5brain15MultiModalBrain24evaluate_labeled_samples
FNDA:2,_RNvNtNtNtCs1xmhvdYWKG8_9neuralnet8training7trainer5tests26vertical_stripes_image_8x8
FNDA:1,_RNvNtNtNtCs1xmhvdYWKG8_9neuralnet8training7trainer5tests27diagonal_gradient_image_8x8
FNDA:2,_RNvNtNtNtCs1xmhvdYWKG8_9neuralnet8training7trainer5tests28horizontal_stripes_image_8x8
FNDA:1,_RNvNtNtNtCs1xmhvdYWKG8_9neuralnet8training7trainer5testss_39batch_trainer_reports_counts_and_routes
FNDA:1,_RNvNtNtNtCs1xmhvdYWKG8_9neuralnet8training7trainer5testss_42trainer_bridge_can_mirror_to_both_networks
FNDA:1,_RNvNtNtNtCs1xmhvdYWKG8_9neuralnet8training7trainer5testss_42trainer_bridge_can_route_to_memory_network
FNDA:1,_RNvNtNtNtCs1xmhvdYWKG8_9neuralnet8training7trainer5testss_52batch_evaluation_returns_accuracy_and_unknown_counts
FNDA:1,_RNvNtNtNtCs1xmhvdYWKG8_9neuralnet8training7trainer5testss_54trainer_bridge_trains_classifier_and_cognitive_network
FNDA:1,_RNvNtNtNtCs1xmhvdYWKG8_9neuralnet8training7trainer5testss_62image_batch_evaluation_uses_cnn_path_and_reports_micro_metrics
FNDA:1,_RNvNtNtNtCs1xmhvdYWKG8_9neuralnet8training7trainer5testss_75trainer_bridge_predictions_include_expected_confidence_and_unknown_behavior
FNDA:6,_RNvMNtNtCs1xmhvdYWKG8_9neuralnet8training7trainerNtB2_12TrainerBatch3new
FNDA:18,_RNvMs_NtNtCs1xmhvdYWKG8_9neuralnet8training7trainerNtB4_23TrainerEvaluationSample3new
FNDA:1,_RNCNvNtNtNtCs1xmhvdYWKG8_9neuralnet8training7trainer5testss_52batch_evaluation_returns_accuracy_and_unknown_counts0B9_
FNDA:1,_RNCNvNtNtNtCs1xmhvdYWKG8_9neuralnet8training7trainer5testss_52batch_evaluation_returns_accuracy_and_unknown_countss0_0B9_
FNDA:1,_RNCNvNtNtNtCs1xmhvdYWKG8_9neuralnet8training7trainer5testss_52batch_evaluation_returns_accuracy_and_unknown_countss1_0B9_
FNDA:1,_RNCNvNtNtNtCs1xmhvdYWKG8_9neuralnet8training7trainer5testss_52batch_evaluation_returns_accuracy_and_unknown_countss2_0B9_
FNDA:1,_RNCNvNtNtNtCs1xmhvdYWKG8_9neuralnet8training7trainer5testss_52batch_evaluation_returns_accuracy_and_unknown_countss_0B9_
FNDA:0,_RNCNvNtNtNtCs1xmhvdYWKG8_9neuralnet8training7trainer5testss_54trainer_bridge_trains_classifier_and_cognitive_network0B9_
FNDA:1,_RNCNvNtNtNtCs1xmhvdYWKG8_9neuralnet8training7trainer5testss_62image_batch_evaluation_uses_cnn_path_and_reports_micro_metrics0B9_
FNDA:1,_RNCNvNtNtNtCs1xmhvdYWKG8_9neuralnet8training7trainer5testss_62image_batch_evaluation_uses_cnn_path_and_reports_micro_metricss0_0B9_
FNDA:1,_RNCNvNtNtNtCs1xmhvdYWKG8_9neuralnet8training7trainer5testss_62image_batch_evaluation_uses_cnn_path_and_reports_micro_metricss_0B9_
FNDA:0,_RNCNvNtNtNtCs1xmhvdYWKG8_9neuralnet8training7trainer5testss_75trainer_bridge_predictions_include_expected_confidence_and_unknown_behavior0B9_
FNDA:3,_RNvMs0_NtNtCs1xmhvdYWKG8_9neuralnet8training7trainerNtNtNtB9_4core5brain15MultiModalBrain21train_labeled_batches
FNDA:49,_RNvMs0_NtNtCs1xmhvdYWKG8_9neuralnet8training7trainerNtNtNtB9_4core5brain15MultiModalBrain21train_labeled_pattern
FNDA:6,_RNvMs0_NtNtCs1xmhvdYWKG8_9neuralnet8training7trainerNtNtNtB9_4core5brain15MultiModalBrain24evaluate_labeled_samples
FNF:25
FNH:23
DA:23,6
DA:24,6
DA:25,6
DA:26,6
DA:27,6
DA:28,6
DA:46,18
DA:47,18
DA:48,18
DA:49,18
DA:50,18
DA:51,18
DA:84,49
DA:85,49
DA:86,49
DA:87,49
DA:88,49
DA:89,49
DA:90,49
DA:91,49
DA:92,49
DA:93,49
DA:95,49
DA:96,47
DA:97,47
DA:98,47
DA:99,1
DA:100,1
DA:101,1
DA:102,1
DA:103,1
DA:104,1
DA:105,1
DA:107,49
DA:109,3
DA:110,3
DA:111,3
DA:112,3
DA:113,3
DA:114,3
DA:115,3
DA:116,3
DA:118,6
DA:119,6
DA:120,6
DA:122,6
DA:123,0
DA:124,6
DA:126,9
DA:127,9
DA:128,9
DA:129,9
DA:130,9
DA:131,9
DA:132,9
DA:135,9
DA:136,9
DA:137,3
DA:138,6
DA:139,6
DA:140,6
DA:144,3
DA:145,3
DA:147,3
DA:149,6
DA:150,6
DA:151,6
DA:152,6
DA:154,6
DA:155,6
DA:156,6
DA:157,6
DA:159,18
DA:160,18
DA:162,18
DA:163,0
DA:164,0
DA:165,18
DA:167,18
DA:168,18
DA:169,2
DA:170,16
DA:171,16
DA:172,16
DA:174,18
DA:175,14
DA:176,14
DA:177,14
DA:178,14
DA:179,14
DA:180,14
DA:181,14
DA:182,14
DA:183,14
DA:184,0
DA:185,0
DA:186,0
DA:187,0
DA:188,0
DA:189,0
DA:190,0
DA:191,4
DA:192,4
DA:193,4
DA:194,4
DA:195,4
DA:196,4
DA:197,4
DA:198,4
DA:202,6
DA:203,6
DA:204,6
DA:206,6
DA:208,6
DA:210,6
DA:220,2
DA:221,2
DA:222,16
DA:223,128
DA:224,128
DA:225,64
DA:226,64
DA:227,64
DA:228,64
DA:231,2
DA:232,2
DA:234,2
DA:235,2
DA:236,16
DA:237,128
DA:238,128
DA:239,64
DA:240,64
DA:241,64
DA:242,64
DA:245,2
DA:246,2
DA:248,1
DA:249,1
DA:250,8
DA:251,64
DA:252,64
DA:253,64
DA:255,1
DA:256,1
DA:259,1
DA:260,1
DA:261,1
DA:262,1
DA:264,1
DA:265,1
DA:266,1
DA:267,1
DA:268,1
DA:269,1
DA:272,1
DA:273,1
DA:274,1
DA:276,1
DA:277,1
DA:278,1
DA:279,1
DA:280,1
DA:284,1
DA:287,1
DA:288,1
DA:289,1
DA:290,1
DA:292,1
DA:293,1
DA:294,1
DA:295,1
DA:296,1
DA:297,1
DA:300,1
DA:301,1
DA:302,1
DA:303,1
DA:304,1
DA:307,1
DA:308,1
DA:309,1
DA:310,1
DA:311,1
DA:312,1
DA:313,1
DA:315,1
DA:316,1
DA:317,1
DA:318,1
DA:319,1
DA:320,1
DA:323,1
DA:324,1
DA:325,1
DA:327,1
DA:328,1
DA:329,1
DA:330,1
DA:333,1
DA:334,1
DA:335,1
DA:337,1
DA:338,1
DA:339,1
DA:340,1
DA:341,1
DA:342,1
DA:345,1
DA:346,1
DA:347,1
DA:348,1
DA:349,1
DA:350,1
DA:352,1
DA:353,1
DA:355,1
DA:356,1
DA:357,1
DA:358,1
DA:359,1
DA:362,1
DA:363,1
DA:364,1
DA:366,1
DA:367,1
DA:368,1
DA:369,1
DA:370,1
DA:371,1
DA:374,1
DA:375,1
DA:376,1
DA:380,1
DA:381,1
DA:382,1
DA:383,1
DA:384,1
DA:387,1
DA:388,1
DA:389,1
DA:390,1
DA:391,1
DA:392,1
DA:393,1
DA:396,1
DA:397,1
DA:398,1
DA:400,1
DA:401,1
DA:402,1
DA:403,1
DA:405,1
DA:406,1
DA:407,1
DA:411,1
DA:412,1
DA:413,1
DA:414,1
DA:415,1
DA:416,1
DA:418,1
DA:419,1
DA:420,1
DA:421,1
DA:423,1
DA:424,1
DA:425,1
DA:427,1
DA:428,1
DA:429,1
DA:433,1
DA:434,1
DA:435,1
DA:436,1
DA:437,1
DA:438,1
DA:439,1
DA:440,1
DA:441,1
DA:442,1
DA:443,1
DA:444,1
DA:445,1
DA:446,1
DA:449,1
DA:450,1
DA:451,1
DA:452,1
DA:453,1
DA:456,1
DA:457,1
DA:458,1
DA:459,1
DA:460,1
DA:463,1
DA:464,1
DA:465,1
DA:466,1
DA:467,1
DA:468,1
DA:469,1
DA:470,1
DA:471,1
DA:472,1
DA:473,1
DA:475,1
DA:476,1
DA:477,1
DA:478,1
DA:479,1
DA:480,1
DA:481,1
DA:482,1
DA:483,1
DA:484,1
DA:485,1
DA:487,1
DA:488,1
DA:489,1
DA:490,1
DA:491,1
DA:492,1
DA:493,1
DA:496,1
DA:497,1
DA:498,1
DA:499,1
DA:500,1
DA:502,1
DA:503,1
DA:504,1
DA:505,1
DA:507,1
DA:508,1
DA:509,1
DA:510,1
DA:511,1
DA:512,1
DA:515,1
DA:516,1
DA:517,1
DA:518,1
DA:519,1
DA:524,1
DA:525,1
DA:526,1
DA:527,1
DA:528,1
DA:531,1
DA:533,1
DA:534,1
DA:535,1
DA:536,1
DA:537,1
DA:538,1
DA:539,1
DA:540,1
DA:544,1
DA:546,1
DA:547,1
DA:548,1
DA:549,1
DA:550,1
DA:551,1
DA:552,1
DA:553,1
DA:554,1
DA:557,1
DA:558,1
DA:559,1
DA:560,1
DA:561,1
DA:564,1
DA:565,1
DA:566,1
DA:567,1
DA:568,1
DA:571,1
DA:572,1
DA:573,1
DA:574,1
DA:575,1
BRF:0
BRH:0
LF:393
LH:381
end_of_record
SF:/Users/samcolak/Source Code/rust/neuron_server/library/neuralnet/src/training/training_loop.rs
FN:25,_RNvXNtNtCs1xmhvdYWKG8_9neuralnet8training13training_loopNtB2_18TrainingLoopConfigNtNtCse2qo0L34Llq_4core7default7Default7default
FN:237,_RNCNvNtNtNtCs1xmhvdYWKG8_9neuralnet8training13training_loop5testss_38training_loop_runs_and_reports_history0B9_
FN:538,_RNCNvNtNtNtCs1xmhvdYWKG8_9neuralnet8training13training_loop5testss_44training_loop_metrics_fixture_remains_stable0B9_
FN:555,_RNCNvNtNtNtCs1xmhvdYWKG8_9neuralnet8training13training_loop5testss_44training_loop_metrics_fixture_remains_stables0_0B9_
FN:562,_RNCNvNtNtNtCs1xmhvdYWKG8_9neuralnet8training13training_loop5testss_44training_loop_metrics_fixture_remains_stables1_0B9_
FN:548,_RNCNvNtNtNtCs1xmhvdYWKG8_9neuralnet8training13training_loop5testss_44training_loop_metrics_fixture_remains_stables_0B9_
FN:354,_RNCNvNtNtNtCs1xmhvdYWKG8_9neuralnet8training13training_loop5testss_54training_loop_persists_epoch_best_and_last_checkpoints0B9_
FN:358,_RNCNvNtNtNtCs1xmhvdYWKG8_9neuralnet8training13training_loop5testss_54training_loop_persists_epoch_best_and_last_checkpointss_0B9_
FN:404,_RNCNvNtNtNtCs1xmhvdYWKG8_9neuralnet8training13training_loop5testss_62training_loop_resume_from_best_checkpoint_restores_predictions0B9_
FN:466,_RNCNvNtNtNtCs1xmhvdYWKG8_9neuralnet8training13training_loop5testss_64training_loop_does_not_resume_when_checkpoint_payload_is_corrupt0B9_
FN:470,_RNCNvNtNtNtCs1xmhvdYWKG8_9neuralnet8training13training_loop5testss_64training_loop_does_not_resume_when_checkpoint_payload_is_corrupts_0B9_
FN:697,_RNCNvNtNtNtCs1xmhvdYWKG8_9neuralnet8training13training_loop5testss_67brain_training_loop_does_not_resume_when_classifier_file_is_missing0B9_
FN:616,_RNCNvNtNtNtCs1xmhvdYWKG8_9neuralnet8training13training_loop5testss_70brain_training_loop_does_not_resume_when_checkpoint_payload_is_corrupt0B9_
FN:623,_RNCNvNtNtNtCs1xmhvdYWKG8_9neuralnet8training13training_loop5testss_70brain_training_loop_does_not_resume_when_checkpoint_payload_is_corrupts_0B9_
FN:66,_RNvMs_NtNtCs1xmhvdYWKG8_9neuralnet8training13training_loopNtNtNtB8_4core5brain15MultiModalBrain28run_supervised_training_loop
FN:77,_RINvNtNtCs1xmhvdYWKG8_9neuralnet8training13training_loop38run_supervised_training_loop_for_modelNtNtB4_14dense_baseline18DenseTokenBaselineEB6_
FN:77,_RINvNtNtCs1xmhvdYWKG8_9neuralnet8training13training_loop38run_supervised_training_loop_for_modelNtNtNtB6_4core5brain15MultiModalBrainEB6_
FN:192,_RNvNtNtNtCs1xmhvdYWKG8_9neuralnet8training13training_loop5tests19checkpoint_test_dir
FN:198,_RNvNtNtNtCs1xmhvdYWKG8_9neuralnet8training13training_loop5tests27cleanup_checkpoint_test_dir
FN:203,_RNvNtNtNtCs1xmhvdYWKG8_9neuralnet8training13training_loop5testss_38training_loop_runs_and_reports_history
FN:508,_RNvNtNtNtCs1xmhvdYWKG8_9neuralnet8training13training_loop5testss_44training_loop_metrics_fixture_remains_stable
FN:243,_RNvNtNtNtCs1xmhvdYWKG8_9neuralnet8training13training_loop5testss_47training_loop_stops_early_when_patience_reached
FN:277,_RNvNtNtNtCs1xmhvdYWKG8_9neuralnet8training13training_loop5testss_52generic_training_loop_runs_with_dense_baseline_model
FN:313,_RNvNtNtNtCs1xmhvdYWKG8_9neuralnet8training13training_loop5testss_54training_loop_persists_epoch_best_and_last_checkpoints
FN:416,_RNvNtNtNtCs1xmhvdYWKG8_9neuralnet8training13training_loop5testss_59training_loop_does_not_resume_when_checkpoint_id_is_missing
FN:364,_RNvNtNtNtCs1xmhvdYWKG8_9neuralnet8training13training_loop5testss_62training_loop_resume_from_best_checkpoint_restores_predictions
FN:459,_RNvNtNtNtCs1xmhvdYWKG8_9neuralnet8training13training_loop5testss_64training_loop_does_not_resume_when_checkpoint_payload_is_corrupt
FN:568,_RNvNtNtNtCs1xmhvdYWKG8_9neuralnet8training13training_loop5testss_65brain_training_loop_does_not_resume_when_checkpoint_id_is_missing
FN:659,_RNvNtNtNtCs1xmhvdYWKG8_9neuralnet8training13training_loop5testss_67brain_training_loop_does_not_resume_when_classifier_file_is_missing
FN:609,_RNvNtNtNtCs1xmhvdYWKG8_9neuralnet8training13training_loop5testss_70brain_training_loop_does_not_resume_when_checkpoint_payload_is_corrupt
FNDA:16,_RNvXNtNtCs1xmhvdYWKG8_9neuralnet8training13training_loopNtB2_18TrainingLoopConfigNtNtCse2qo0L34Llq_4core7default7Default7default
FNDA:1,_RNCNvNtNtNtCs1xmhvdYWKG8_9neuralnet8training13training_loop5testss_38training_loop_runs_and_reports_history0B9_
FNDA:0,_RNCNvNtNtNtCs1xmhvdYWKG8_9neuralnet8training13training_loop5testss_44training_loop_metrics_fixture_remains_stable0B9_
FNDA:1,_RNCNvNtNtNtCs1xmhvdYWKG8_9neuralnet8training13training_loop5testss_44training_loop_metrics_fixture_remains_stables0_0B9_
FNDA:1,_RNCNvNtNtNtCs1xmhvdYWKG8_9neuralnet8training13training_loop5testss_44training_loop_metrics_fixture_remains_stables1_0B9_
FNDA:1,_RNCNvNtNtNtCs1xmhvdYWKG8_9neuralnet8training13training_loop5testss_44training_loop_metrics_fixture_remains_stables_0B9_
FNDA:1,_RNCNvNtNtNtCs1xmhvdYWKG8_9neuralnet8training13training_loop5testss_54training_loop_persists_epoch_best_and_last_checkpoints0B9_
FNDA:1,_RNCNvNtNtNtCs1xmhvdYWKG8_9neuralnet8training13training_loop5testss_54training_loop_persists_epoch_best_and_last_checkpointss_0B9_
FNDA:0,_RNCNvNtNtNtCs1xmhvdYWKG8_9neuralnet8training13training_loop5testss_62training_loop_resume_from_best_checkpoint_restores_predictions0B9_
FNDA:0,_RNCNvNtNtNtCs1xmhvdYWKG8_9neuralnet8training13training_loop5testss_64training_loop_does_not_resume_when_checkpoint_payload_is_corrupt0B9_
FNDA:0,_RNCNvNtNtNtCs1xmhvdYWKG8_9neuralnet8training13training_loop5testss_64training_loop_does_not_resume_when_checkpoint_payload_is_corrupts_0B9_
FNDA:0,_RNCNvNtNtNtCs1xmhvdYWKG8_9neuralnet8training13training_loop5testss_67brain_training_loop_does_not_resume_when_classifier_file_is_missing0B9_
FNDA:0,_RNCNvNtNtNtCs1xmhvdYWKG8_9neuralnet8training13training_loop5testss_70brain_training_loop_does_not_resume_when_checkpoint_payload_is_corrupt0B9_
FNDA:0,_RNCNvNtNtNtCs1xmhvdYWKG8_9neuralnet8training13training_loop5testss_70brain_training_loop_does_not_resume_when_checkpoint_payload_is_corrupts_0B9_
FNDA:11,_RNvMs_NtNtCs1xmhvdYWKG8_9neuralnet8training13training_loopNtNtNtB8_4core5brain15MultiModalBrain28run_supervised_training_loop
FNDA:5,_RINvNtNtCs1xmhvdYWKG8_9neuralnet8training13training_loop38run_supervised_training_loop_for_modelNtNtB4_14dense_baseline18DenseTokenBaselineEB6_
FNDA:11,_RINvNtNtCs1xmhvdYWKG8_9neuralnet8training13training_loop38run_supervised_training_loop_for_modelNtNtNtB6_4core5brain15MultiModalBrainEB6_
FNDA:21,_RNvNtNtNtCs1xmhvdYWKG8_9neuralnet8training13training_loop5tests19checkpoint_test_dir
FNDA:14,_RNvNtNtNtCs1xmhvdYWKG8_9neuralnet8training13training_loop5tests27cleanup_checkpoint_test_dir
FNDA:1,_RNvNtNtNtCs1xmhvdYWKG8_9neuralnet8training13training_loop5testss_38training_loop_runs_and_reports_history
FNDA:1,_RNvNtNtNtCs1xmhvdYWKG8_9neuralnet8training13training_loop5testss_44training_loop_metrics_fixture_remains_stable
FNDA:1,_RNvNtNtNtCs1xmhvdYWKG8_9neuralnet8training13training_loop5testss_47training_loop_stops_early_when_patience_reached
FNDA:1,_RNvNtNtNtCs1xmhvdYWKG8_9neuralnet8training13training_loop5testss_52generic_training_loop_runs_with_dense_baseline_model
FNDA:1,_RNvNtNtNtCs1xmhvdYWKG8_9neuralnet8training13training_loop5testss_54training_loop_persists_epoch_best_and_last_checkpoints
FNDA:1,_RNvNtNtNtCs1xmhvdYWKG8_9neuralnet8training13training_loop5testss_59training_loop_does_not_resume_when_checkpoint_id_is_missing
FNDA:1,_RNvNtNtNtCs1xmhvdYWKG8_9neuralnet8training13training_loop5testss_62training_loop_resume_from_best_checkpoint_restores_predictions
FNDA:1,_RNvNtNtNtCs1xmhvdYWKG8_9neuralnet8training13training_loop5testss_64training_loop_does_not_resume_when_checkpoint_payload_is_corrupt
FNDA:1,_RNvNtNtNtCs1xmhvdYWKG8_9neuralnet8training13training_loop5testss_65brain_training_loop_does_not_resume_when_checkpoint_id_is_missing
FNDA:1,_RNvNtNtNtCs1xmhvdYWKG8_9neuralnet8training13training_loop5testss_67brain_training_loop_does_not_resume_when_classifier_file_is_missing
FNDA:1,_RNvNtNtNtCs1xmhvdYWKG8_9neuralnet8training13training_loop5testss_70brain_training_loop_does_not_resume_when_checkpoint_payload_is_corrupt
FNF:29
FNH:22
DA:25,16
DA:26,16
DA:27,16
DA:28,16
DA:29,16
DA:30,16
DA:31,16
DA:32,16
DA:33,16
DA:34,16
DA:35,16
DA:36,16
DA:37,16
DA:38,16
DA:66,11
DA:67,11
DA:68,11
DA:69,11
DA:70,11
DA:71,11
DA:72,11
DA:73,11
DA:74,11
DA:77,16
DA:78,16
DA:79,16
DA:80,16
DA:81,16
DA:82,16
DA:83,16
DA:85,16
DA:86,16
DA:87,16
DA:88,16
DA:90,16
DA:91,0
DA:92,16
DA:94,16
DA:95,10
DA:97,10
DA:98,6
DA:99,6
DA:100,6
DA:101,1
DA:102,1
DA:103,9
DA:104,6
DA:106,16
DA:108,25
DA:109,25
DA:110,25
DA:111,25
DA:112,25
DA:113,25
DA:116,25
DA:117,0
DA:119,25
DA:122,25
DA:123,25
DA:124,25
DA:125,25
DA:126,25
DA:127,25
DA:128,25
DA:129,25
DA:131,25
DA:132,25
DA:133,25
DA:135,25
DA:136,25
DA:138,25
DA:139,16
DA:140,16
DA:141,16
DA:143,16
DA:144,10
DA:145,4
DA:146,4
DA:147,4
DA:148,12
DA:149,9
DA:150,9
DA:151,9
DA:153,25
DA:154,4
DA:155,4
DA:156,2
DA:158,2
DA:159,2
DA:160,2
DA:161,2
DA:162,23
DA:164,25
DA:165,6
DA:167,2
DA:168,23
DA:171,16
DA:172,7
DA:173,1
DA:174,1
DA:175,1
DA:176,15
DA:178,16
DA:179,16
DA:192,21
DA:193,21
DA:194,21
DA:195,21
DA:196,21
DA:198,14
DA:199,14
DA:200,14
DA:203,1
DA:204,1
DA:205,1
DA:207,1
DA:208,1
DA:209,1
DA:212,1
DA:213,1
DA:214,1
DA:215,1
DA:218,1
DA:219,1
DA:220,1
DA:221,1
DA:223,1
DA:224,1
DA:225,1
DA:226,1
DA:227,1
DA:230,1
DA:231,1
DA:232,1
DA:233,1
DA:234,1
DA:235,1
DA:236,1
DA:237,1
DA:238,1
DA:240,1
DA:243,1
DA:244,1
DA:245,1
DA:247,1
DA:248,1
DA:249,1
DA:252,1
DA:253,1
DA:254,1
DA:257,1
DA:258,1
DA:259,1
DA:260,1
DA:261,1
DA:262,1
DA:264,1
DA:265,1
DA:266,1
DA:267,1
DA:268,1
DA:271,1
DA:272,1
DA:274,1
DA:277,1
DA:278,1
DA:279,1
DA:281,1
DA:282,1
DA:283,1
DA:286,1
DA:287,1
DA:288,1
DA:289,1
DA:292,1
DA:293,1
DA:294,1
DA:295,1
DA:296,1
DA:297,1
DA:299,1
DA:300,1
DA:301,1
DA:302,1
DA:303,1
DA:304,1
DA:307,1
DA:308,1
DA:309,1
DA:310,1
DA:313,1
DA:314,1
DA:315,1
DA:317,1
DA:318,1
DA:319,1
DA:321,1
DA:322,1
DA:323,1
DA:326,1
DA:327,1
DA:328,1
DA:329,1
DA:332,1
DA:333,1
DA:334,1
DA:335,1
DA:336,1
DA:337,1
DA:338,1
DA:339,1
DA:341,1
DA:342,1
DA:343,1
DA:344,1
DA:345,1
DA:348,1
DA:349,1
DA:350,1
DA:351,1
DA:352,1
DA:353,1
DA:354,1
DA:355,1
DA:356,1
DA:357,1
DA:358,1
DA:360,1
DA:361,1
DA:364,1
DA:365,1
DA:366,1
DA:368,1
DA:369,1
DA:370,1
DA:371,1
DA:372,1
DA:374,1
DA:375,1
DA:376,1
DA:377,1
DA:380,1
DA:381,1
DA:382,1
DA:383,1
DA:384,1
DA:385,1
DA:386,1
DA:387,1
DA:389,1
DA:390,1
DA:391,1
DA:392,1
DA:393,1
DA:394,1
DA:397,1
DA:399,1
DA:401,1
DA:402,1
DA:403,1
DA:404,1
DA:406,1
DA:408,1
DA:409,1
DA:410,1
DA:412,1
DA:413,1
DA:416,1
DA:417,1
DA:418,1
DA:420,1
DA:421,1
DA:422,1
DA:424,1
DA:425,1
DA:426,1
DA:429,1
DA:430,1
DA:431,1
DA:434,1
DA:435,1
DA:436,1
DA:437,1
DA:438,1
DA:439,1
DA:440,1
DA:441,1
DA:442,1
DA:444,1
DA:445,1
DA:446,1
DA:447,1
DA:448,1
DA:449,1
DA:452,1
DA:453,1
DA:455,1
DA:456,1
DA:459,1
DA:460,1
DA:461,1
DA:463,1
DA:464,1
DA:465,1
DA:466,1
DA:468,1
DA:469,1
DA:470,1
DA:472,1
DA:473,1
DA:474,1
DA:475,1
DA:478,1
DA:479,1
DA:480,1
DA:483,1
DA:484,1
DA:485,1
DA:486,1
DA:487,1
DA:488,1
DA:489,1
DA:490,1
DA:491,1
DA:493,1
DA:494,1
DA:495,1
DA:496,1
DA:497,1
DA:498,1
DA:501,1
DA:502,1
DA:504,1
DA:505,1
DA:508,1
DA:509,1
DA:510,1
DA:512,1
DA:513,1
DA:514,1
DA:517,1
DA:518,1
DA:519,1
DA:520,1
DA:523,1
DA:524,1
DA:525,1
DA:526,1
DA:528,1
DA:529,1
DA:530,1
DA:531,1
DA:532,1
DA:533,1
DA:536,1
DA:537,1
DA:538,1
DA:540,1
DA:541,1
DA:542,1
DA:543,1
DA:544,1
DA:545,1
DA:546,1
DA:547,1
DA:548,1
DA:551,1
DA:552,1
DA:553,1
DA:554,1
DA:555,1
DA:558,1
DA:559,1
DA:560,1
DA:561,1
DA:562,1
DA:565,1
DA:568,1
DA:569,1
DA:570,1
DA:572,1
DA:573,1
DA:574,1
DA:576,1
DA:577,1
DA:578,1
DA:581,1
DA:582,1
DA:583,1
DA:586,1
DA:587,1
DA:588,1
DA:589,1
DA:590,1
DA:591,1
DA:592,1
DA:593,1
DA:595,1
DA:596,1
DA:597,1
DA:598,1
DA:599,1
DA:602,1
DA:603,1
DA:605,1
DA:606,1
DA:609,1
DA:610,1
DA:611,1
DA:613,1
DA:614,1
DA:615,1
DA:616,1
DA:618,1
DA:619,1
DA:620,1
DA:622,1
DA:623,1
DA:625,1
DA:626,1
DA:627,1
DA:628,1
DA:631,1
DA:632,1
DA:633,1
DA:636,1
DA:637,1
DA:638,1
DA:639,1
DA:640,1
DA:641,1
DA:642,1
DA:643,1
DA:645,1
DA:646,1
DA:647,1
DA:648,1
DA:649,1
DA:652,1
DA:653,1
DA:655,1
DA:656,1
DA:659,1
DA:660,1
DA:661,1
DA:663,1
DA:664,1
DA:666,1
DA:667,1
DA:668,1
DA:671,1
DA:672,1
DA:673,1
DA:676,1
DA:677,1
DA:678,1
DA:679,1
DA:680,1
DA:681,1
DA:682,1
DA:683,1
DA:685,1
DA:686,1
DA:687,1
DA:688,1
DA:689,1
DA:691,1
DA:693,1
DA:694,1
DA:695,1
DA:696,1
DA:697,1
DA:699,1
DA:700,1
DA:701,1
DA:702,1
DA:703,1
DA:704,1
DA:705,1
DA:706,1
DA:707,1
DA:709,1
DA:710,1
DA:711,1
DA:712,1
DA:713,1
DA:716,1
DA:717,1
DA:719,1
DA:720,1
BRF:0
BRH:0
LF:503
LH:494
end_of_record